<?xml version="1.0" encoding="UTF-8"?>
<testng-results ignored="0" total="1" passed="1" failed="0" skipped="0">
  <reporter-output>
  </reporter-output>
  <suite started-at="2023-02-13T16:07:34 EST" name="Default suite" finished-at="2023-02-13T16:07:41 EST" duration-ms="7896">
    <groups>
    </groups>
    <test started-at="2023-02-13T16:07:34 EST" name="Default test" finished-at="2023-02-13T16:07:41 EST" duration-ms="7896">
      <class name="RightClick">
        <test-method signature="rightClickTest()[pri:0, instance:RightClick@4690b489]" started-at="2023-02-13T16:07:34 EST" name="rightClickTest" finished-at="2023-02-13T16:07:41 EST" duration-ms="7844" status="PASS">
          <reporter-output>
          </reporter-output>
        </test-method> <!-- rightClickTest -->
      </class> <!-- RightClick -->
    </test> <!-- Default test -->
  </suite> <!-- Default suite -->
</testng-results>
