<?xml version="1.0" encoding="UTF-8"?>
<!-- Generated by org.testng.reporters.JUnitXMLReporter -->
<testsuite ignored="36" hostname="LAPTOP-PGUIMR2B" failures="0" tests="17" name="Test" time="7.246" errors="0" timestamp="12 Jan 2023 18:43:37 GMT">
  <testcase classname="staffitsolution.qa.wlctointernet.test.LoginPage" name="@BeforeTest setup" time="1.833">
    <failure type="java.lang.NullPointerException" message="Cannot invoke &amp;quot;java.util.Properties.getProperty(String)&amp;quot; because &amp;quot;this.prop&amp;quot; is null">
      <![CDATA[java.lang.NullPointerException: Cannot invoke "java.util.Properties.getProperty(String)" because "this.prop" is null
at staffitsolution.qa.wlctointernet.test.LoginPage.setup(LoginPage.java:30)
... Removed 24 stack frames]]>
    </failure>
  </testcase> <!-- @BeforeTest setup -->
  <testcase classname="staffitsolution.qa.wlctointernet.Base.BaseTest" name="@AfterTest tearDown" time="0.0">
    <skipped/>
  </testcase> <!-- @AfterTest tearDown -->
  <testcase classname="staffitsolution.qa.wlctointernet.test.LoginPage" name="@AfterTest tearDown" time="0.0">
    <skipped/>
  </testcase> <!-- @AfterTest tearDown -->
  <testcase classname="staffitsolution.qa.wlctointernet.test.FloatingMenuTest" name="floatingMenuTest" time="0.0">
    <skipped/>
  </testcase> <!-- floatingMenuTest -->
  <testcase classname="staffitsolution.qa.wlctointernet.test.LoginPage_InvalidTest" name="InValidloginTest" time="0.0">
    <skipped/>
  </testcase> <!-- InValidloginTest -->
  <testcase classname="staffitsolution.qa.wlctointernet.test.LoginPage_InvalidTest" name="loginPageTitleTest" time="0.0">
    <skipped/>
  </testcase> <!-- loginPageTitleTest -->
  <testcase classname="staffitsolution.qa.wlctointernet.test.DropDownTest" name="selDropDownTest" time="0.0">
    <skipped/>
  </testcase> <!-- selDropDownTest -->
  <testcase classname="staffitsolution.qa.wlctointernet.test.FileUploadTest" name="fileUploadTest" time="0.0">
    <skipped/>
  </testcase> <!-- fileUploadTest -->
  <testcase classname="staffitsolution.qa.wlctointernet.test.FileDownloadTest" name="fileDownLoadTest" time="0.0">
    <skipped/>
  </testcase> <!-- fileDownLoadTest -->
  <testcase classname="staffitsolution.qa.wlctointernet.test.JavaScriptErrorTest" name="javaScriptErrorTest" time="0.0">
    <skipped/>
  </testcase> <!-- javaScriptErrorTest -->
  <testcase classname="staffitsolution.qa.wlctointernet.test.JavaScriptAlertsTest" name="javaScriptAlertsTest" time="0.0">
    <skipped/>
  </testcase> <!-- javaScriptAlertsTest -->
  <testcase classname="staffitsolution.qa.wlctointernet.test.DynamicControlsTest" name="dynamicControlsTest" time="0.0">
    <skipped/>
  </testcase> <!-- dynamicControlsTest -->
  <testcase classname="staffitsolution.qa.wlctointernet.test.MouseHoverTest" name="mouseHoverTest" time="0.0">
    <skipped/>
  </testcase> <!-- mouseHoverTest -->
  <testcase classname="staffitsolution.qa.wlctointernet.test.DragAndDropTest" name="draganddrop" time="0.0">
    <skipped/>
  </testcase> <!-- draganddrop -->
  <testcase classname="staffitsolution.qa.wlctointernet.test.IFrameTest" name="iFrameTest" time="0.0">
    <skipped/>
  </testcase> <!-- iFrameTest -->
  <testcase classname="staffitsolution.qa.wlctointernet.test.DynamicContentTest" name="dynamicContentTest" time="0.0">
    <skipped/>
  </testcase> <!-- dynamicContentTest -->
  <testcase classname="staffitsolution.qa.wlctointernet.test.NewTabTest" name="newTabTest" time="0.0">
    <skipped/>
  </testcase> <!-- newTabTest -->
  <testcase classname="staffitsolution.qa.wlctointernet.test.DynamicLoadingTest" name="dynamicLoadingTest" time="0.0">
    <skipped/>
  </testcase> <!-- dynamicLoadingTest -->
  <testcase classname="staffitsolution.qa.wlctointernet.test.NotificationMsgTest" name="notificationMsgTest" time="0.0">
    <skipped/>
  </testcase> <!-- notificationMsgTest -->
  <testcase classname="staffitsolution.qa.wlctointernet.test.LoginPage_ValidTest" name="loginTest" time="0.0">
    <skipped/>
  </testcase> <!-- loginTest -->
  <testcase classname="staffitsolution.qa.wlctointernet.Base.BaseTest" name="@AfterTest tearDown" time="0.0">
    <ignored/>
  </testcase> <!-- @AfterTest tearDown -->
  <testcase classname="staffitsolution.qa.wlctointernet.Base.BaseTest" name="@AfterTest tearDown" time="0.0">
    <ignored/>
  </testcase> <!-- @AfterTest tearDown -->
  <testcase classname="staffitsolution.qa.wlctointernet.Base.BaseTest" name="@AfterTest tearDown" time="0.0">
    <ignored/>
  </testcase> <!-- @AfterTest tearDown -->
  <testcase classname="staffitsolution.qa.wlctointernet.Base.BaseTest" name="@AfterTest tearDown" time="0.0">
    <ignored/>
  </testcase> <!-- @AfterTest tearDown -->
  <testcase classname="staffitsolution.qa.wlctointernet.Base.BaseTest" name="@AfterTest tearDown" time="0.0">
    <ignored/>
  </testcase> <!-- @AfterTest tearDown -->
  <testcase classname="staffitsolution.qa.wlctointernet.Base.BaseTest" name="@AfterTest tearDown" time="0.0">
    <ignored/>
  </testcase> <!-- @AfterTest tearDown -->
  <testcase classname="staffitsolution.qa.wlctointernet.Base.BaseTest" name="@AfterTest tearDown" time="0.0">
    <ignored/>
  </testcase> <!-- @AfterTest tearDown -->
  <testcase classname="staffitsolution.qa.wlctointernet.Base.BaseTest" name="@AfterTest tearDown" time="0.0">
    <ignored/>
  </testcase> <!-- @AfterTest tearDown -->
  <testcase classname="staffitsolution.qa.wlctointernet.Base.BaseTest" name="@AfterTest tearDown" time="0.0">
    <ignored/>
  </testcase> <!-- @AfterTest tearDown -->
  <testcase classname="staffitsolution.qa.wlctointernet.Base.BaseTest" name="@AfterTest tearDown" time="0.0">
    <ignored/>
  </testcase> <!-- @AfterTest tearDown -->
  <testcase classname="staffitsolution.qa.wlctointernet.Base.BaseTest" name="@AfterTest tearDown" time="0.0">
    <ignored/>
  </testcase> <!-- @AfterTest tearDown -->
  <testcase classname="staffitsolution.qa.wlctointernet.Base.BaseTest" name="@AfterTest tearDown" time="0.0">
    <ignored/>
  </testcase> <!-- @AfterTest tearDown -->
  <testcase classname="staffitsolution.qa.wlctointernet.Base.BaseTest" name="@AfterTest tearDown" time="0.0">
    <ignored/>
  </testcase> <!-- @AfterTest tearDown -->
  <testcase classname="staffitsolution.qa.wlctointernet.Base.BaseTest" name="@AfterTest tearDown" time="0.0">
    <ignored/>
  </testcase> <!-- @AfterTest tearDown -->
  <testcase classname="staffitsolution.qa.wlctointernet.Base.BaseTest" name="@AfterTest tearDown" time="0.0">
    <ignored/>
  </testcase> <!-- @AfterTest tearDown -->
  <testcase classname="staffitsolution.qa.wlctointernet.Base.BaseTest" name="@AfterTest tearDown" time="0.0">
    <ignored/>
  </testcase> <!-- @AfterTest tearDown -->
  <testcase classname="staffitsolution.qa.wlctointernet.Base.BaseTest" name="@AfterTest tearDown" time="0.0">
    <ignored/>
  </testcase> <!-- @AfterTest tearDown -->
  <testcase classname="staffitsolution.qa.wlctointernet.Base.BaseTest" name="@AfterTest tearDown" time="0.0">
    <ignored/>
  </testcase> <!-- @AfterTest tearDown -->
  <testcase classname="staffitsolution.qa.wlctointernet.Base.BaseTest" name="@BeforeTest setup" time="0.0">
    <ignored/>
  </testcase> <!-- @BeforeTest setup -->
  <testcase classname="staffitsolution.qa.wlctointernet.Base.BaseTest" name="@BeforeTest setup" time="0.0">
    <ignored/>
  </testcase> <!-- @BeforeTest setup -->
  <testcase classname="staffitsolution.qa.wlctointernet.Base.BaseTest" name="@BeforeTest setup" time="0.0">
    <ignored/>
  </testcase> <!-- @BeforeTest setup -->
  <testcase classname="staffitsolution.qa.wlctointernet.Base.BaseTest" name="@BeforeTest setup" time="0.0">
    <ignored/>
  </testcase> <!-- @BeforeTest setup -->
  <testcase classname="staffitsolution.qa.wlctointernet.Base.BaseTest" name="@BeforeTest setup" time="0.0">
    <ignored/>
  </testcase> <!-- @BeforeTest setup -->
  <testcase classname="staffitsolution.qa.wlctointernet.Base.BaseTest" name="@BeforeTest setup" time="0.0">
    <ignored/>
  </testcase> <!-- @BeforeTest setup -->
  <testcase classname="staffitsolution.qa.wlctointernet.Base.BaseTest" name="@BeforeTest setup" time="0.0">
    <ignored/>
  </testcase> <!-- @BeforeTest setup -->
  <testcase classname="staffitsolution.qa.wlctointernet.Base.BaseTest" name="@BeforeTest setup" time="0.0">
    <ignored/>
  </testcase> <!-- @BeforeTest setup -->
  <testcase classname="staffitsolution.qa.wlctointernet.Base.BaseTest" name="@BeforeTest setup" time="0.0">
    <ignored/>
  </testcase> <!-- @BeforeTest setup -->
  <testcase classname="staffitsolution.qa.wlctointernet.Base.BaseTest" name="@BeforeTest setup" time="0.0">
    <ignored/>
  </testcase> <!-- @BeforeTest setup -->
  <testcase classname="staffitsolution.qa.wlctointernet.Base.BaseTest" name="@BeforeTest setup" time="0.0">
    <ignored/>
  </testcase> <!-- @BeforeTest setup -->
  <testcase classname="staffitsolution.qa.wlctointernet.Base.BaseTest" name="@BeforeTest setup" time="0.0">
    <ignored/>
  </testcase> <!-- @BeforeTest setup -->
  <testcase classname="staffitsolution.qa.wlctointernet.Base.BaseTest" name="@BeforeTest setup" time="0.0">
    <ignored/>
  </testcase> <!-- @BeforeTest setup -->
  <testcase classname="staffitsolution.qa.wlctointernet.Base.BaseTest" name="@BeforeTest setup" time="0.0">
    <ignored/>
  </testcase> <!-- @BeforeTest setup -->
  <testcase classname="staffitsolution.qa.wlctointernet.Base.BaseTest" name="@BeforeTest setup" time="0.0">
    <ignored/>
  </testcase> <!-- @BeforeTest setup -->
  <testcase classname="staffitsolution.qa.wlctointernet.Base.BaseTest" name="@BeforeTest setup" time="0.0">
    <ignored/>
  </testcase> <!-- @BeforeTest setup -->
  <testcase classname="staffitsolution.qa.wlctointernet.Base.BaseTest" name="@BeforeTest setup" time="0.0">
    <ignored/>
  </testcase> <!-- @BeforeTest setup -->
  <testcase classname="staffitsolution.qa.wlctointernet.Base.BaseTest" name="@BeforeTest setup" time="0.0">
    <ignored/>
  </testcase> <!-- @BeforeTest setup -->
</testsuite> <!-- Test -->
