<html>
<head>
<title>TestNG:  Test</title>
<link href="../testng.css" rel="stylesheet" type="text/css" />
<link href="../my-testng.css" rel="stylesheet" type="text/css" />

<style type="text/css">
.log { display: none;} 
.stack-trace { display: none;} 
</style>
<script type="text/javascript">
<!--
function flip(e) {
  current = e.style.display;
  if (current == 'block') {
    e.style.display = 'none';
    return 0;
  }
  else {
    e.style.display = 'block';
    return 1;
  }
}

function toggleBox(szDivId, elem, msg1, msg2)
{
  var res = -1;  if (document.getElementById) {
    res = flip(document.getElementById(szDivId));
  }
  else if (document.all) {
    // this is the way old msie versions work
    res = flip(document.all[szDivId]);
  }
  if(elem) {
    if(res == 0) elem.innerHTML = msg1; else elem.innerHTML = msg2;
  }

}

function toggleAllBoxes() {
  if (document.getElementsByTagName) {
    d = document.getElementsByTagName('div');
    for (i = 0; i < d.length; i++) {
      if (d[i].className == 'log') {
        flip(d[i]);
      }
    }
  }
}

// -->
</script>

</head>
<body>
<h2 align='center'>Test</h2><table border='1' align="center">
<tr>
<td>Tests passed/Failed/Skipped:</td><td>21/2/0</td>
</tr><tr>
<td>Started on:</td><td>Sat Apr 08 16:20:08 EDT 2023</td>
</tr>
<tr><td>Total time:</td><td>138 seconds (138040 ms)</td>
</tr><tr>
<td>Included groups:</td><td></td>
</tr><tr>
<td>Excluded groups:</td><td></td>
</tr>
</table><p/>
<small><i>(Hover the method name to see the test class name)</i></small><p/>
<table width='100%' border='1' class='invocation-failed'>
<tr><td colspan='4' align='center'><b>FAILED TESTS</b></td></tr>
<tr><td><b>Test method</b></td>
<td width="30%"><b>Exception</b></td>
<td width="10%"><b>Time (seconds)</b></td>
<td><b>Instance</b></td>
</tr>
<tr>
<td title='navpreet.Tests.FileUploadTest.File_Upload_Test()'><b>File_Upload_Test</b><br>Test class: navpreet.Tests.FileUploadTest<br>Test method: Test uses Upload Button or Drag and Drop to upload a file.Test asserts that the file is uploaded.</td>
<td><div><pre>org.openqa.selenium.InvalidArgumentException: invalid argument
  (Session info: chrome=111.0.5563.148)
Build info: version: &apos;4.8.3&apos;, revision: &apos;e5e76298c3&apos;
System info: os.name: &apos;Windows 10&apos;, os.arch: &apos;amd64&apos;, os.version: &apos;10.0&apos;, java.version: &apos;17.0.1&apos;
Driver info: org.openqa.selenium.chrome.ChromeDriver
Command: [02e19b8c661ed4c09de7cdeeed4ea630, clickElement {id=d3db5a29-428c-4c31-8560-4f5254e74372}]
Capabilities {acceptInsecureCerts: false, browserName: chrome, browserVersion: 111.0.5563.148, chrome: {chromedriverVersion: 111.0.5563.64 (c710e93d5b63..., userDataDir: C:\Users\kaurn\AppData\Loca...}, goog:chromeOptions: {debuggerAddress: localhost:53851}, networkConnectionEnabled: false, pageLoadStrategy: normal, platformName: WINDOWS, proxy: Proxy(), se:cdp: ws://localhost:53851/devtoo..., se:cdpVersion: 111.0.5563.148, setWindowRect: true, strictFileInteractability: false, timeouts: {implicit: 0, pageLoad: 300000, script: 30000}, unhandledPromptBehavior: dismiss and notify, webauthn:extension:credBlob: true, webauthn:extension:largeBlob: true, webauthn:extension:minPinLength: true, webauthn:extension:prf: true, webauthn:virtualAuthenticators: true}
Element: [[ChromeDriver: chrome on WINDOWS (02e19b8c661ed4c09de7cdeeed4ea630)] -&gt; css selector: #file-upload]
Session ID: 02e19b8c661ed4c09de7cdeeed4ea630
	at org.openqa.selenium.remote.codec.w3c.W3CHttpResponseCodec.createException(W3CHttpResponseCodec.java:200)
	at org.openqa.selenium.remote.codec.w3c.W3CHttpResponseCodec.decode(W3CHttpResponseCodec.java:133)
	at org.openqa.selenium.remote.codec.w3c.W3CHttpResponseCodec.decode(W3CHttpResponseCodec.java:53)
	at org.openqa.selenium.remote.HttpCommandExecutor.execute(HttpCommandExecutor.java:193)
	at org.openqa.selenium.remote.service.DriverCommandExecutor.invokeExecute(DriverCommandExecutor.java:183)
	at org.openqa.selenium.remote.service.DriverCommandExecutor.execute(DriverCommandExecutor.java:158)
	at org.openqa.selenium.remote.RemoteWebDriver.execute(RemoteWebDriver.java:543)
	at org.openqa.selenium.remote.RemoteWebElement.execute(RemoteWebElement.java:257)
	at org.openqa.selenium.remote.RemoteWebElement.click(RemoteWebElement.java:78)
	at org.openqa.selenium.support.pagefactory.internal.LocatingElementHandler.invoke(LocatingElementHandler.java:52)
	at jdk.proxy2/jdk.proxy2.$Proxy16.click(Unknown Source)
	at navpreet.pageobjects.FileUploadPageObjects.Choose_File(FileUploadPageObjects.java:56)
	at navpreet.Tests.FileUploadTest.File_Upload_Test(FileUploadTest.java:20)
	at java.base/java.util.ArrayList.forEach(ArrayList.java:1511)
... Removed 36 stack frames</pre></div><a href='#' onClick='toggleBox("stack-trace923539816", this, "Click to show all stack frames", "Click to hide stack frames")'>Click to show all stack frames</a>
<div class='stack-trace' id='stack-trace923539816'><pre>org.openqa.selenium.InvalidArgumentException: invalid argument
  (Session info: chrome=111.0.5563.148)
Build info: version: &apos;4.8.3&apos;, revision: &apos;e5e76298c3&apos;
System info: os.name: &apos;Windows 10&apos;, os.arch: &apos;amd64&apos;, os.version: &apos;10.0&apos;, java.version: &apos;17.0.1&apos;
Driver info: org.openqa.selenium.chrome.ChromeDriver
Command: [02e19b8c661ed4c09de7cdeeed4ea630, clickElement {id=d3db5a29-428c-4c31-8560-4f5254e74372}]
Capabilities {acceptInsecureCerts: false, browserName: chrome, browserVersion: 111.0.5563.148, chrome: {chromedriverVersion: 111.0.5563.64 (c710e93d5b63..., userDataDir: C:\Users\kaurn\AppData\Loca...}, goog:chromeOptions: {debuggerAddress: localhost:53851}, networkConnectionEnabled: false, pageLoadStrategy: normal, platformName: WINDOWS, proxy: Proxy(), se:cdp: ws://localhost:53851/devtoo..., se:cdpVersion: 111.0.5563.148, setWindowRect: true, strictFileInteractability: false, timeouts: {implicit: 0, pageLoad: 300000, script: 30000}, unhandledPromptBehavior: dismiss and notify, webauthn:extension:credBlob: true, webauthn:extension:largeBlob: true, webauthn:extension:minPinLength: true, webauthn:extension:prf: true, webauthn:virtualAuthenticators: true}
Element: [[ChromeDriver: chrome on WINDOWS (02e19b8c661ed4c09de7cdeeed4ea630)] -&gt; css selector: #file-upload]
Session ID: 02e19b8c661ed4c09de7cdeeed4ea630
	at java.base/jdk.internal.reflect.NativeConstructorAccessorImpl.newInstance0(Native Method)
	at java.base/jdk.internal.reflect.NativeConstructorAccessorImpl.newInstance(NativeConstructorAccessorImpl.java:77)
	at java.base/jdk.internal.reflect.DelegatingConstructorAccessorImpl.newInstance(DelegatingConstructorAccessorImpl.java:45)
	at java.base/java.lang.reflect.Constructor.newInstanceWithCaller(Constructor.java:499)
	at java.base/java.lang.reflect.Constructor.newInstance(Constructor.java:480)
	at org.openqa.selenium.remote.codec.w3c.W3CHttpResponseCodec.createException(W3CHttpResponseCodec.java:200)
	at org.openqa.selenium.remote.codec.w3c.W3CHttpResponseCodec.decode(W3CHttpResponseCodec.java:133)
	at org.openqa.selenium.remote.codec.w3c.W3CHttpResponseCodec.decode(W3CHttpResponseCodec.java:53)
	at org.openqa.selenium.remote.HttpCommandExecutor.execute(HttpCommandExecutor.java:193)
	at org.openqa.selenium.remote.service.DriverCommandExecutor.invokeExecute(DriverCommandExecutor.java:183)
	at org.openqa.selenium.remote.service.DriverCommandExecutor.execute(DriverCommandExecutor.java:158)
	at org.openqa.selenium.remote.RemoteWebDriver.execute(RemoteWebDriver.java:543)
	at org.openqa.selenium.remote.RemoteWebElement.execute(RemoteWebElement.java:257)
	at org.openqa.selenium.remote.RemoteWebElement.click(RemoteWebElement.java:78)
	at java.base/jdk.internal.reflect.NativeMethodAccessorImpl.invoke0(Native Method)
	at java.base/jdk.internal.reflect.NativeMethodAccessorImpl.invoke(NativeMethodAccessorImpl.java:77)
	at java.base/jdk.internal.reflect.DelegatingMethodAccessorImpl.invoke(DelegatingMethodAccessorImpl.java:43)
	at java.base/java.lang.reflect.Method.invoke(Method.java:568)
	at org.openqa.selenium.support.pagefactory.internal.LocatingElementHandler.invoke(LocatingElementHandler.java:52)
	at jdk.proxy2/jdk.proxy2.$Proxy16.click(Unknown Source)
	at navpreet.pageobjects.FileUploadPageObjects.Choose_File(FileUploadPageObjects.java:56)
	at navpreet.Tests.FileUploadTest.File_Upload_Test(FileUploadTest.java:20)
	at java.base/jdk.internal.reflect.NativeMethodAccessorImpl.invoke0(Native Method)
	at java.base/jdk.internal.reflect.NativeMethodAccessorImpl.invoke(NativeMethodAccessorImpl.java:77)
	at java.base/jdk.internal.reflect.DelegatingMethodAccessorImpl.invoke(DelegatingMethodAccessorImpl.java:43)
	at java.base/java.lang.reflect.Method.invoke(Method.java:568)
	at org.testng.internal.MethodInvocationHelper.invokeMethod(MethodInvocationHelper.java:133)
	at org.testng.internal.TestInvoker.invokeMethod(TestInvoker.java:598)
	at org.testng.internal.TestInvoker.invokeTestMethod(TestInvoker.java:173)
	at org.testng.internal.MethodRunner.runInSequence(MethodRunner.java:46)
	at org.testng.internal.TestInvoker$MethodInvocationAgent.invoke(TestInvoker.java:824)
	at org.testng.internal.TestInvoker.invokeTestMethods(TestInvoker.java:146)
	at org.testng.internal.TestMethodWorker.invokeTestMethods(TestMethodWorker.java:146)
	at org.testng.internal.TestMethodWorker.run(TestMethodWorker.java:128)
	at java.base/java.util.ArrayList.forEach(ArrayList.java:1511)
	at org.testng.TestRunner.privateRun(TestRunner.java:794)
	at org.testng.TestRunner.run(TestRunner.java:596)
	at org.testng.SuiteRunner.runTest(SuiteRunner.java:377)
	at org.testng.SuiteRunner.runSequentially(SuiteRunner.java:371)
	at org.testng.SuiteRunner.privateRun(SuiteRunner.java:332)
	at org.testng.SuiteRunner.run(SuiteRunner.java:276)
	at org.testng.SuiteRunnerWorker.runSuite(SuiteRunnerWorker.java:53)
	at org.testng.SuiteRunnerWorker.run(SuiteRunnerWorker.java:96)
	at org.testng.TestNG.runSuitesSequentially(TestNG.java:1212)
	at org.testng.TestNG.runSuitesLocally(TestNG.java:1134)
	at org.testng.TestNG.runSuites(TestNG.java:1063)
	at org.testng.TestNG.run(TestNG.java:1031)
	at org.testng.remote.AbstractRemoteTestNG.run(AbstractRemoteTestNG.java:115)
	at org.testng.remote.RemoteTestNG.initAndRun(RemoteTestNG.java:251)
	at org.testng.remote.RemoteTestNG.main(RemoteTestNG.java:77)
</pre></div></td>
<td>3</td>
<td>navpreet.Tests.FileUploadTest@25641d39</td></tr>
<tr>
<td title='navpreet.Tests.IFrameTest.switchAndCheckText()'><b>switchAndCheckText</b><br>Test class: navpreet.Tests.IFrameTest<br>Test method: Test switches to Iframe and types some text.Test asserts that the typed text is as expected.</td>
<td><div><pre>org.openqa.selenium.NoSuchElementException: no such element: Unable to locate element: {&quot;method&quot;:&quot;xpath&quot;,&quot;selector&quot;:&quot;//body[@id=&apos;tinymce&apos;]/p&quot;}
  (Session info: chrome=111.0.5563.148)
For documentation on this error, please visit: https://selenium.dev/exceptions/#no_such_element
Build info: version: &apos;4.8.3&apos;, revision: &apos;e5e76298c3&apos;
System info: os.name: &apos;Windows 10&apos;, os.arch: &apos;amd64&apos;, os.version: &apos;10.0&apos;, java.version: &apos;17.0.1&apos;
Driver info: org.openqa.selenium.chrome.ChromeDriver
Command: [8d3d69acc450bacd6a50fcc5fd743d17, findElement {using=xpath, value=//body[@id=&apos;tinymce&apos;]/p}]
Capabilities {acceptInsecureCerts: false, browserName: chrome, browserVersion: 111.0.5563.148, chrome: {chromedriverVersion: 111.0.5563.64 (c710e93d5b63..., userDataDir: C:\Users\kaurn\AppData\Loca...}, goog:chromeOptions: {debuggerAddress: localhost:54068}, networkConnectionEnabled: false, pageLoadStrategy: normal, platformName: WINDOWS, proxy: Proxy(), se:cdp: ws://localhost:54068/devtoo..., se:cdpVersion: 111.0.5563.148, setWindowRect: true, strictFileInteractability: false, timeouts: {implicit: 0, pageLoad: 300000, script: 30000}, unhandledPromptBehavior: dismiss and notify, webauthn:extension:credBlob: true, webauthn:extension:largeBlob: true, webauthn:extension:minPinLength: true, webauthn:extension:prf: true, webauthn:virtualAuthenticators: true}
Session ID: 8d3d69acc450bacd6a50fcc5fd743d17
	at org.openqa.selenium.remote.codec.w3c.W3CHttpResponseCodec.createException(W3CHttpResponseCodec.java:200)
	at org.openqa.selenium.remote.codec.w3c.W3CHttpResponseCodec.decode(W3CHttpResponseCodec.java:133)
	at org.openqa.selenium.remote.codec.w3c.W3CHttpResponseCodec.decode(W3CHttpResponseCodec.java:53)
	at org.openqa.selenium.remote.HttpCommandExecutor.execute(HttpCommandExecutor.java:193)
	at org.openqa.selenium.remote.service.DriverCommandExecutor.invokeExecute(DriverCommandExecutor.java:183)
	at org.openqa.selenium.remote.service.DriverCommandExecutor.execute(DriverCommandExecutor.java:158)
	at org.openqa.selenium.remote.RemoteWebDriver.execute(RemoteWebDriver.java:543)
	at org.openqa.selenium.remote.ElementLocation$ElementFinder$2.findElement(ElementLocation.java:162)
	at org.openqa.selenium.remote.ElementLocation.findElement(ElementLocation.java:60)
	at org.openqa.selenium.remote.RemoteWebDriver.findElement(RemoteWebDriver.java:352)
	at org.openqa.selenium.remote.RemoteWebDriver.findElement(RemoteWebDriver.java:344)
	at org.openqa.selenium.support.pagefactory.DefaultElementLocator.findElement(DefaultElementLocator.java:70)
	at org.openqa.selenium.support.pagefactory.internal.LocatingElementHandler.invoke(LocatingElementHandler.java:39)
	at jdk.proxy2/jdk.proxy2.$Proxy16.clear(Unknown Source)
	at navpreet.pageobjects.IFramePageObjects.SwitchAndTypeText(IFramePageObjects.java:41)
	at navpreet.Tests.IFrameTest.switchAndCheckText(IFrameTest.java:23)
	at java.base/java.util.ArrayList.forEach(ArrayList.java:1511)
... Removed 31 stack frames</pre></div><a href='#' onClick='toggleBox("stack-trace471835796", this, "Click to show all stack frames", "Click to hide stack frames")'>Click to show all stack frames</a>
<div class='stack-trace' id='stack-trace471835796'><pre>org.openqa.selenium.NoSuchElementException: no such element: Unable to locate element: {&quot;method&quot;:&quot;xpath&quot;,&quot;selector&quot;:&quot;//body[@id=&apos;tinymce&apos;]/p&quot;}
  (Session info: chrome=111.0.5563.148)
For documentation on this error, please visit: https://selenium.dev/exceptions/#no_such_element
Build info: version: &apos;4.8.3&apos;, revision: &apos;e5e76298c3&apos;
System info: os.name: &apos;Windows 10&apos;, os.arch: &apos;amd64&apos;, os.version: &apos;10.0&apos;, java.version: &apos;17.0.1&apos;
Driver info: org.openqa.selenium.chrome.ChromeDriver
Command: [8d3d69acc450bacd6a50fcc5fd743d17, findElement {using=xpath, value=//body[@id=&apos;tinymce&apos;]/p}]
Capabilities {acceptInsecureCerts: false, browserName: chrome, browserVersion: 111.0.5563.148, chrome: {chromedriverVersion: 111.0.5563.64 (c710e93d5b63..., userDataDir: C:\Users\kaurn\AppData\Loca...}, goog:chromeOptions: {debuggerAddress: localhost:54068}, networkConnectionEnabled: false, pageLoadStrategy: normal, platformName: WINDOWS, proxy: Proxy(), se:cdp: ws://localhost:54068/devtoo..., se:cdpVersion: 111.0.5563.148, setWindowRect: true, strictFileInteractability: false, timeouts: {implicit: 0, pageLoad: 300000, script: 30000}, unhandledPromptBehavior: dismiss and notify, webauthn:extension:credBlob: true, webauthn:extension:largeBlob: true, webauthn:extension:minPinLength: true, webauthn:extension:prf: true, webauthn:virtualAuthenticators: true}
Session ID: 8d3d69acc450bacd6a50fcc5fd743d17
	at jdk.internal.reflect.GeneratedConstructorAccessor19.newInstance(Unknown Source)
	at java.base/jdk.internal.reflect.DelegatingConstructorAccessorImpl.newInstance(DelegatingConstructorAccessorImpl.java:45)
	at java.base/java.lang.reflect.Constructor.newInstanceWithCaller(Constructor.java:499)
	at java.base/java.lang.reflect.Constructor.newInstance(Constructor.java:480)
	at org.openqa.selenium.remote.codec.w3c.W3CHttpResponseCodec.createException(W3CHttpResponseCodec.java:200)
	at org.openqa.selenium.remote.codec.w3c.W3CHttpResponseCodec.decode(W3CHttpResponseCodec.java:133)
	at org.openqa.selenium.remote.codec.w3c.W3CHttpResponseCodec.decode(W3CHttpResponseCodec.java:53)
	at org.openqa.selenium.remote.HttpCommandExecutor.execute(HttpCommandExecutor.java:193)
	at org.openqa.selenium.remote.service.DriverCommandExecutor.invokeExecute(DriverCommandExecutor.java:183)
	at org.openqa.selenium.remote.service.DriverCommandExecutor.execute(DriverCommandExecutor.java:158)
	at org.openqa.selenium.remote.RemoteWebDriver.execute(RemoteWebDriver.java:543)
	at org.openqa.selenium.remote.ElementLocation$ElementFinder$2.findElement(ElementLocation.java:162)
	at org.openqa.selenium.remote.ElementLocation.findElement(ElementLocation.java:60)
	at org.openqa.selenium.remote.RemoteWebDriver.findElement(RemoteWebDriver.java:352)
	at org.openqa.selenium.remote.RemoteWebDriver.findElement(RemoteWebDriver.java:344)
	at org.openqa.selenium.support.pagefactory.DefaultElementLocator.findElement(DefaultElementLocator.java:70)
	at org.openqa.selenium.support.pagefactory.internal.LocatingElementHandler.invoke(LocatingElementHandler.java:39)
	at jdk.proxy2/jdk.proxy2.$Proxy16.clear(Unknown Source)
	at navpreet.pageobjects.IFramePageObjects.SwitchAndTypeText(IFramePageObjects.java:41)
	at navpreet.Tests.IFrameTest.switchAndCheckText(IFrameTest.java:23)
	at java.base/jdk.internal.reflect.NativeMethodAccessorImpl.invoke0(Native Method)
	at java.base/jdk.internal.reflect.NativeMethodAccessorImpl.invoke(NativeMethodAccessorImpl.java:77)
	at java.base/jdk.internal.reflect.DelegatingMethodAccessorImpl.invoke(DelegatingMethodAccessorImpl.java:43)
	at java.base/java.lang.reflect.Method.invoke(Method.java:568)
	at org.testng.internal.MethodInvocationHelper.invokeMethod(MethodInvocationHelper.java:133)
	at org.testng.internal.TestInvoker.invokeMethod(TestInvoker.java:598)
	at org.testng.internal.TestInvoker.invokeTestMethod(TestInvoker.java:173)
	at org.testng.internal.MethodRunner.runInSequence(MethodRunner.java:46)
	at org.testng.internal.TestInvoker$MethodInvocationAgent.invoke(TestInvoker.java:824)
	at org.testng.internal.TestInvoker.invokeTestMethods(TestInvoker.java:146)
	at org.testng.internal.TestMethodWorker.invokeTestMethods(TestMethodWorker.java:146)
	at org.testng.internal.TestMethodWorker.run(TestMethodWorker.java:128)
	at java.base/java.util.ArrayList.forEach(ArrayList.java:1511)
	at org.testng.TestRunner.privateRun(TestRunner.java:794)
	at org.testng.TestRunner.run(TestRunner.java:596)
	at org.testng.SuiteRunner.runTest(SuiteRunner.java:377)
	at org.testng.SuiteRunner.runSequentially(SuiteRunner.java:371)
	at org.testng.SuiteRunner.privateRun(SuiteRunner.java:332)
	at org.testng.SuiteRunner.run(SuiteRunner.java:276)
	at org.testng.SuiteRunnerWorker.runSuite(SuiteRunnerWorker.java:53)
	at org.testng.SuiteRunnerWorker.run(SuiteRunnerWorker.java:96)
	at org.testng.TestNG.runSuitesSequentially(TestNG.java:1212)
	at org.testng.TestNG.runSuitesLocally(TestNG.java:1134)
	at org.testng.TestNG.runSuites(TestNG.java:1063)
	at org.testng.TestNG.run(TestNG.java:1031)
	at org.testng.remote.AbstractRemoteTestNG.run(AbstractRemoteTestNG.java:115)
	at org.testng.remote.RemoteTestNG.initAndRun(RemoteTestNG.java:251)
	at org.testng.remote.RemoteTestNG.main(RemoteTestNG.java:77)
</pre></div></td>
<td>5</td>
<td>navpreet.Tests.IFrameTest@41a0aa7d</td></tr>
</table><p>
<table width='100%' border='1' class='invocation-passed'>
<tr><td colspan='4' align='center'><b>PASSED TESTS</b></td></tr>
<tr><td><b>Test method</b></td>
<td width="30%"><b>Exception</b></td>
<td width="10%"><b>Time (seconds)</b></td>
<td><b>Instance</b></td>
</tr>
<tr>
<td title='navpreet.Tests.NotificationMessageTest.testNotificationMessage()'><b>testNotificationMessage</b><br>Test class: navpreet.Tests.NotificationMessageTest<br>Test method: Test clicks on the Click Here link a multiple times.Test asserts that one of the “Action Successful”, “Action unsuccessful, please try again” and “Action Unsuccessful” messages show on click.</td>
<td></td>
<td>7</td>
<td>navpreet.Tests.NotificationMessageTest@45099dd3</td></tr>
<tr>
<td title='navpreet.Tests.JavaScriptAlertsTest.TestJsAlertButton()'><b>TestJsAlertButton</b><br>Test class: navpreet.Tests.JavaScriptAlertsTest<br>Test method: Test Clicks on JS Alert Button.Test asserts alert message.</td>
<td></td>
<td>3</td>
<td>navpreet.Tests.JavaScriptAlertsTest@1c7696c6</td></tr>
<tr>
<td title='navpreet.Tests.LoginTest.Login()'><b>Login</b><br>Test class: navpreet.Tests.LoginTest<br>Parameters: Navpreet, NavpreetKaur</td>
<td></td>
<td>4</td>
<td>navpreet.Tests.LoginTest@e350b40</td></tr>
<tr>
<td title='navpreet.Tests.JavaScriptAlertsTest.TestJsConfirm()'><b>TestJsConfirm</b><br>Test class: navpreet.Tests.JavaScriptAlertsTest<br>Test method: Test clicks on JS confirm Button and clicks ok on alert.Test asserts the alert message.</td>
<td></td>
<td>3</td>
<td>navpreet.Tests.JavaScriptAlertsTest@1c7696c6</td></tr>
<tr>
<td title='navpreet.Tests.FloatingMenuTest.TestFloatingMenu()'><b>TestFloatingMenu</b><br>Test class: navpreet.Tests.FloatingMenuTest<br>Test method: Test scrolls the page.Test asserts that the floating menu is still displayed.</td>
<td></td>
<td>3</td>
<td>navpreet.Tests.FloatingMenuTest@7b36aa0c</td></tr>
<tr>
<td title='navpreet.Tests.MultipleWindowsTest.TestMultipleWindows()'><b>TestMultipleWindows</b><br>Test class: navpreet.Tests.MultipleWindowsTest<br>Test method: Test clicks on the Click Here link.Test asserts that a new tab is opened with text New Window.</td>
<td></td>
<td>8</td>
<td>navpreet.Tests.MultipleWindowsTest@1de5f259</td></tr>
<tr>
<td title='navpreet.Tests.MouseHoverTest.TestMouseHoverFunctionality()'><b>TestMouseHoverFunctionality</b><br>Test class: navpreet.Tests.MouseHoverTest<br>Test method: Test does a mouse hover on each image.Test asserts that additional information is displayed for each image.</td>
<td></td>
<td>4</td>
<td>navpreet.Tests.MouseHoverTest@60099951</td></tr>
<tr>
<td title='navpreet.Tests.DynamicControlsTest.Check_Checkbox_Gone()'><b>Check_Checkbox_Gone</b><br>Test class: navpreet.Tests.DynamicControlsTest<br>Test method: Test clicks on the Remove Button and uses explicit wait.</td>
<td></td>
<td>8</td>
<td>navpreet.Tests.DynamicControlsTest@65c7a252</td></tr>
<tr>
<td title='navpreet.Tests.DynamicControlsTest.Click_DisableButton()'><b>Click_DisableButton</b><br>Test class: navpreet.Tests.DynamicControlsTest<br>Test method: Test clicks on the Disable Button and uses explicit wait.Test asserts that the text box is disabled.</td>
<td></td>
<td>10</td>
<td>navpreet.Tests.DynamicControlsTest@65c7a252</td></tr>
<tr>
<td title='navpreet.Tests.FileDownloadTest.File_Download_Test()'><b>File_Download_Test</b><br>Test class: navpreet.Tests.FileDownloadTest<br>Test method: Test clicks on the file.Test asserts that the file is downloaded.</td>
<td></td>
<td>3</td>
<td>navpreet.Tests.FileDownloadTest@4a883b15</td></tr>
<tr>
<td title='navpreet.Tests.JavaScriptErrorTest.TestJavaScriptError()'><b>TestJavaScriptError</b><br>Test class: navpreet.Tests.JavaScriptErrorTest<br>Test method: Test finds the JavaScript error on the page.Test asserts that the page contains error: Cannot read property 'xyz' of undefined.</td>
<td></td>
<td>2</td>
<td>navpreet.Tests.JavaScriptErrorTest@6574a52c</td></tr>
<tr>
<td title='navpreet.Tests.DynamicLoadingTest.Test_Dynamic_Loading()'><b>Test_Dynamic_Loading</b><br>Test class: navpreet.Tests.DynamicLoadingTest<br>Test method: Test clicks the start button and uses explicit wait.
Test asserts that “Hello World!” text is displayed.</td>
<td></td>
<td>9</td>
<td>navpreet.Tests.DynamicLoadingTest@6c1a5b54</td></tr>
<tr>
<td title='navpreet.Tests.CheckBoxTest.TestCheckboxes()'><b>TestCheckboxes</b><br>Test class: navpreet.Tests.CheckBoxTest<br>Test method: Test checks and unchecks checkboxes.Test uses assertions to make sure boxes were properly checked and unchecked.</td>
<td></td>
<td>3</td>
<td>navpreet.Tests.CheckBoxTest@13e344d</td></tr>
<tr>
<td title='navpreet.Tests.DropDownTest.DropDownMenu()'><b>DropDownMenu</b><br>Test class: navpreet.Tests.DropDownTest<br>Test method: Test selects Option 1 and Option 2 from the drop down menu.Test asserts Option 1 and Option 2 are selected.</td>
<td></td>
<td>5</td>
<td>navpreet.Tests.DropDownTest@20140db9</td></tr>
<tr>
<td title='navpreet.Tests.JavaScriptAlertsTest.TestJsPrompt()'><b>TestJsPrompt</b><br>Test class: navpreet.Tests.JavaScriptAlertsTest<br>Test method: Test clicks on JS Prompt Button and types a message on Prompt.Test asserts that the alert message contains the typed message.</td>
<td></td>
<td>3</td>
<td>navpreet.Tests.JavaScriptAlertsTest@1c7696c6</td></tr>
<tr>
<td title='navpreet.Tests.DynamicControlsTest.Check_CheckBox_Back()'><b>Check_CheckBox_Back</b><br>Test class: navpreet.Tests.DynamicControlsTest<br>Test method: Test asserts that the checkbox is gone.</td>
<td></td>
<td>11</td>
<td>navpreet.Tests.DynamicControlsTest@65c7a252</td></tr>
<tr>
<td title='navpreet.Tests.DragAndDropTest.DragAndDrop()'><b>DragAndDrop</b><br>Test class: navpreet.Tests.DragAndDropTest<br>Test method: Test drags element A to element B.Test asserts that the text on element A and B are switched.</td>
<td></td>
<td>3</td>
<td>navpreet.Tests.DragAndDropTest@2794eab6</td></tr>
<tr>
<td title='navpreet.Tests.DynamicContentTest.LoadDynamicContent()'><b>LoadDynamicContent</b><br>Test class: navpreet.Tests.DynamicContentTest<br>Test method: Test refreshes the page a couple of times.Test asserts that the content changes on each refresh.</td>
<td></td>
<td>7</td>
<td>navpreet.Tests.DynamicContentTest@1ffaf86</td></tr>
<tr>
<td title='navpreet.Tests.DynamicControlsTest.Click_EnableButton()'><b>Click_EnableButton</b><br>Test class: navpreet.Tests.DynamicControlsTest<br>Test method: Test clicks on the Enable Button and uses explicit wait.Test asserts that the text box is enabled.</td>
<td></td>
<td>8</td>
<td>navpreet.Tests.DynamicControlsTest@65c7a252</td></tr>
<tr>
<td title='navpreet.Tests.ContextMenuTest.ContextMenu()'><b>ContextMenu</b><br>Test class: navpreet.Tests.ContextMenuTest<br>Test method: Test right clicks on the context menu.Test asserts the alert menu text.</td>
<td></td>
<td>3</td>
<td>navpreet.Tests.ContextMenuTest@6340e5f0</td></tr>
<tr>
<td title='navpreet.Tests.LoginTest.Login()'><b>Login</b><br>Test class: navpreet.Tests.LoginTest<br>Parameters: tomsmith, SuperSecretPassword!</td>
<td></td>
<td>5</td>
<td>navpreet.Tests.LoginTest@e350b40</td></tr>
</table><p>
</body>
</html>