<?xml version="1.0" encoding="UTF-8"?>
<!-- Generated by org.testng.reporters.JUnitXMLReporter -->
<testsuite ignored="0" hostname="Rakeshs-MacBook-Pro-2.local" failures="0" tests="18" name="Dotdashcom Tests" time="83.404" errors="0" timestamp="2022-10-03T18:20:27 EDT">
  <testcase classname="dotdash.tests.LoginTest" name="validateIncorrectlogin" time="0.435"/>
  <testcase classname="dotdash.tests.LoginTest" name="validatelogin" time="0.3"/>
  <testcase classname="dotdash.tests.AlertsTest" name="validateAlerts" time="0.68"/>
  <testcase classname="dotdash.tests.CheckBoxTest" name="validateCheckboxes" time="0.127"/>
  <testcase classname="dotdash.tests.ContextTest" name="validateCheckboxes" time="0.198"/>
  <testcase classname="dotdash.tests.DownloadTest" name="validateFileDownload" time="1.082"/>
  <testcase classname="dotdash.tests.DragNDropTest" name="validateDragNDrop" time="0.056"/>
  <testcase classname="dotdash.tests.DropdownTest" name="validateDropdown" time="0.205"/>
  <testcase classname="dotdash.tests.DynamicContentTest" name="validateDynamicContent" time="0.556"/>
  <testcase classname="dotdash.tests.DynamicControlsTest" name="validateDynamicContent" time="33.847"/>
  <testcase classname="dotdash.tests.DynamicLoadingTest" name="validateDynamicLoading" time="5.122"/>
  <testcase classname="dotdash.tests.FloatingMenuTest" name="validateFileUpload" time="0.037"/>
  <testcase classname="dotdash.tests.FrameTest" name="validateFileUpload" time="10.289"/>
  <testcase classname="dotdash.tests.HoversTest" name="validateMouseHover" time="0.088"/>
  <testcase classname="dotdash.tests.JavaScriptTest" name="validateJsErrors" time="0.018"/>
  <testcase classname="dotdash.tests.NotificationsTest" name="validateFileUpload" time="0.252"/>
  <testcase classname="dotdash.tests.UploadTest" name="validateFileUpload" time="0.174"/>
  <testcase classname="dotdash.tests.WindowsTest" name="validateNewWindowText" time="0.142"/>
</testsuite> <!-- Dotdashcom Tests -->
