<?xml version="1.0" encoding="UTF-8"?>
<!-- Generated by org.testng.reporters.JUnitXMLReporter -->
<testsuite hostname="Lenovo-Y510P" ignored="0" name="Test" tests="19" failures="2" timestamp="12 Sep 2022 03:14:03 GMT" time="70.386" errors="0">
  <testcase name="loginSuccess" time="3.32" classname="testcases.LoginSuccessTest"/>
  <testcase name="loginFailure" time="2.713" classname="testcases.LoginFailureTest"/>
  <testcase name="checkboxCheck" time="2.511" classname="testcases.CheckboxesTest"/>
  <testcase name="contextMenu" time="2.447" classname="testcases.ContextMenuTest"/>
  <testcase name="DragDrop" time="2.529" classname="testcases.DragAndDropTest"/>
  <testcase name="dropdown" time="3.551" classname="testcases.DropdownTest"/>
  <testcase name="DynamicContentRefreshPage" time="2.692" classname="testcases.DynamicContentTest"/>
  <testcase name="DynamicLoading" time="7.431" classname="testcases.DynamicLoadingTest"/>
  <testcase name="checkFileDownload" time="2.323" classname="testcases.FileDownloadTest"/>
  <testcase name="fileUpload" time="17.252" classname="testcases.FileUploadTest">
    <failure type="org.openqa.selenium.NoSuchElementException" message="Timed out after 5 seconds. Unable to locate the element">
      <![CDATA[org.openqa.selenium.NoSuchElementException: Timed out after 5 seconds. Unable to locate the element
at org.openqa.selenium.support.pagefactory.AjaxElementLocator.findElement(AjaxElementLocator.java:99)
at org.openqa.selenium.support.pagefactory.internal.LocatingElementHandler.invoke(LocatingElementHandler.java:38)
at com.sun.proxy.$Proxy7.getText(Unknown Source)
at pages.actions.FileUploadPage.verifyUploadFile(FileUploadPage.java:12)
at testcases.FileUploadTest.fileUpload(FileUploadTest.java:14)
Caused by: org.openqa.selenium.NoSuchElementException: no such element: Unable to locate element: {"method":"css selector","selector":"#uploaded\-files"}
  (Session info: chrome=105.0.5195.102)
For documentation on this error, please visit: https://www.seleniumhq.org/exceptions/no_such_element.html
Build info: version: '3.141.59', revision: 'e82be7d358', time: '2018-11-14T08:17:03'
System info: host: 'LENOVO-Y510P', ip: '172.21.144.1', os.name: 'Windows 10', os.arch: 'amd64', os.version: '10.0', java.version: '1.8.0_311'
Driver info: org.openqa.selenium.chrome.ChromeDriver
Capabilities {acceptInsecureCerts: false, browserName: chrome, browserVersion: 105.0.5195.102, chrome: {chromedriverVersion: 105.0.5195.52 (412c95e51883..., userDataDir: C:\Users\Mihir\AppData\Loca...}, goog:chromeOptions: {debuggerAddress: localhost:52647}, javascriptEnabled: true, networkConnectionEnabled: false, pageLoadStrategy: normal, platform: WINDOWS, platformName: WINDOWS, proxy: Proxy(), setWindowRect: true, strictFileInteractability: false, timeouts: {implicit: 0, pageLoad: 300000, script: 30000}, unhandledPromptBehavior: dismiss and notify, webauthn:extension:credBlob: true, webauthn:extension:largeBlob: true, webauthn:virtualAuthenticators: true}
Session ID: a34740f164fcc6ca7d121036714cf53c
*** Element info: {Using=id, value=uploaded-files}
at org.openqa.selenium.remote.http.W3CHttpResponseCodec.createException(W3CHttpResponseCodec.java:187)
at org.openqa.selenium.remote.http.W3CHttpResponseCodec.decode(W3CHttpResponseCodec.java:122)
at org.openqa.selenium.remote.http.W3CHttpResponseCodec.decode(W3CHttpResponseCodec.java:49)
at org.openqa.selenium.remote.HttpCommandExecutor.execute(HttpCommandExecutor.java:158)
at org.openqa.selenium.remote.service.DriverCommandExecutor.execute(DriverCommandExecutor.java:83)
at org.openqa.selenium.remote.RemoteWebDriver.execute(RemoteWebDriver.java:552)
at org.openqa.selenium.remote.RemoteWebDriver.findElement(RemoteWebDriver.java:323)
at org.openqa.selenium.remote.RemoteWebDriver.findElementById(RemoteWebDriver.java:372)
at org.openqa.selenium.By$ById.findElement(By.java:188)
at org.openqa.selenium.remote.RemoteWebDriver.findElement(RemoteWebDriver.java:315)
at org.openqa.selenium.support.pagefactory.DefaultElementLocator.findElement(DefaultElementLocator.java:69)
at org.openqa.selenium.support.pagefactory.AjaxElementLocator.access$001(AjaxElementLocator.java:39)
at org.openqa.selenium.support.pagefactory.AjaxElementLocator$SlowLoadingElement.isLoaded(AjaxElementLocator.java:165)
at org.openqa.selenium.support.ui.SlowLoadableComponent.get(SlowLoadableComponent.java:72)
at org.openqa.selenium.support.pagefactory.AjaxElementLocator.findElement(AjaxElementLocator.java:95)
... 29 more
... Removed 29 stack frames]]>
    </failure>
  </testcase> <!-- fileUpload -->
  <testcase name="floatingMenuCheck" time="2.351" classname="testcases.FloatingMenuTest"/>
  <testcase name="Iframe" time="8.988" classname="testcases.IframeTest"/>
  <testcase name="MouseHover" time="2.722" classname="testcases.MouseHoverTest"/>
  <testcase name="checkJSAlert" time="2.001" classname="testcases.JavaScriptAlertsTest"/>
  <testcase name="checkJSConfirm" time="0.091" classname="testcases.JavaScriptAlertsTest"/>
  <testcase name="checkJSPrompt" time="0.778" classname="testcases.JavaScriptAlertsTest"/>
  <testcase name="JSError" time="2.023" classname="testcases.JavaScriptErrorTest"/>
  <testcase name="newWndowCheck" time="2.405" classname="testcases.OpenInNewTabTest"/>
  <testcase name="verifyNotificatMessageCheck" time="2.176" classname="testcases.NotificationMessageTest">
    <failure type="java.lang.AssertionError" message="expected [true] but found [false]">
      <![CDATA[java.lang.AssertionError: expected [true] but found [false]
at pages.actions.NotificationMessagePage.verifyNotificationMessage(NotificationMessagePage.java:15)
at testcases.NotificationMessageTest.verifyNotificatMessageCheck(NotificationMessageTest.java:14)
... Removed 29 stack frames]]>
    </failure>
  </testcase> <!-- verifyNotificatMessageCheck -->
</testsuite> <!-- Test -->
