<?xml version="1.0" encoding="UTF-8"?>
<!-- Generated by org.testng.reporters.JUnitXMLReporter -->
<testsuite ignored="0" hostname="Arunkumars-MacBook-Pro.local" failures="1" tests="18" name="Command line test" time="122.851" errors="0" timestamp="2022-12-30T17:38:53 EST">
  <testcase classname="com.takehome.testcases.DragandDropTest" name="@AfterTest teardown" time="20.053">
    <failure type="org.openqa.selenium.WebDriverException" message="unknown error: failed to close window in 20 seconds
  (Session info: chrome=108.0.5359.124)
Build info: version: &amp;apos;3.141.59&amp;apos;, revision: &amp;apos;e82be7d358&amp;apos;, time: &amp;apos;2018-11-14T08:17:03&amp;apos;
System info: host: &amp;apos;Arunkumars-MacBook-Pro.local&amp;apos;, ip: &amp;apos;fe80:0:0:0:8b0:763b:a9a4:627f%en0&amp;apos;, os.name: &amp;apos;Mac OS X&amp;apos;, os.arch: &amp;apos;x86_64&amp;apos;, os.version: &amp;apos;10.16&amp;apos;, java.version: &amp;apos;11.0.5&amp;apos;
Driver info: org.openqa.selenium.chrome.ChromeDriver
Capabilities {acceptInsecureCerts: false, browserName: chrome, browserVersion: 108.0.5359.124, chrome: {chromedriverVersion: 108.0.5359.71 (1e0e3868ee06..., userDataDir: /var/folders/kb/c1xsqgqs113...}, goog:chromeOptions: {debuggerAddress: localhost:62672}, javascriptEnabled: true, networkConnectionEnabled: false, pageLoadStrategy: normal, platform: MAC, platformName: MAC, proxy: Proxy(), setWindowRect: true, strictFileInteractability: false, timeouts: {implicit: 0, pageLoad: 300000, script: 30000}, unhandledPromptBehavior: dismiss and notify, webauthn:extension:credBlob: true, webauthn:extension:largeBlob: true, webauthn:virtualAuthenticators: true}
Session ID: 7664065e7dd4dcca7c61786636d508a8">
      <![CDATA[org.openqa.selenium.WebDriverException: unknown error: failed to close window in 20 seconds
  (Session info: chrome=108.0.5359.124)
Build info: version: '3.141.59', revision: 'e82be7d358', time: '2018-11-14T08:17:03'
System info: host: 'Arunkumars-MacBook-Pro.local', ip: 'fe80:0:0:0:8b0:763b:a9a4:627f%en0', os.name: 'Mac OS X', os.arch: 'x86_64', os.version: '10.16', java.version: '11.0.5'
Driver info: org.openqa.selenium.chrome.ChromeDriver
Capabilities {acceptInsecureCerts: false, browserName: chrome, browserVersion: 108.0.5359.124, chrome: {chromedriverVersion: 108.0.5359.71 (1e0e3868ee06..., userDataDir: /var/folders/kb/c1xsqgqs113...}, goog:chromeOptions: {debuggerAddress: localhost:62672}, javascriptEnabled: true, networkConnectionEnabled: false, pageLoadStrategy: normal, platform: MAC, platformName: MAC, proxy: Proxy(), setWindowRect: true, strictFileInteractability: false, timeouts: {implicit: 0, pageLoad: 300000, script: 30000}, unhandledPromptBehavior: dismiss and notify, webauthn:extension:credBlob: true, webauthn:extension:largeBlob: true, webauthn:virtualAuthenticators: true}
Session ID: 7664065e7dd4dcca7c61786636d508a8
at org.openqa.selenium.remote.http.W3CHttpResponseCodec.createException(W3CHttpResponseCodec.java:187)
at org.openqa.selenium.remote.http.W3CHttpResponseCodec.decode(W3CHttpResponseCodec.java:122)
at org.openqa.selenium.remote.http.W3CHttpResponseCodec.decode(W3CHttpResponseCodec.java:49)
at org.openqa.selenium.remote.HttpCommandExecutor.execute(HttpCommandExecutor.java:158)
at org.openqa.selenium.remote.service.DriverCommandExecutor.execute(DriverCommandExecutor.java:83)
at org.openqa.selenium.remote.RemoteWebDriver.execute(RemoteWebDriver.java:552)
at org.openqa.selenium.remote.RemoteWebDriver.execute(RemoteWebDriver.java:609)
at org.openqa.selenium.remote.RemoteWebDriver.close(RemoteWebDriver.java:442)
at com.takehome.testcases.DragandDropTest.teardown(DragandDropTest.java:46)
... Removed 38 stack frames]]>
    </failure>
  </testcase> <!-- @AfterTest teardown -->
  <testcase classname="com.takehome.testcases.DropdownTest" name="@AfterTest teardown" time="0.0">
    <skipped/>
  </testcase> <!-- @AfterTest teardown -->
  <testcase classname="com.takehome.testcases.DynamicContentTest" name="@AfterTest teardown" time="0.0">
    <skipped/>
  </testcase> <!-- @AfterTest teardown -->
  <testcase classname="com.takehome.testcases.DynamicControlTest" name="@AfterTest teardown" time="0.0">
    <skipped/>
  </testcase> <!-- @AfterTest teardown -->
  <testcase classname="com.takehome.testcases.DynamicloadingTest" name="@AfterTest teardown" time="0.0">
    <skipped/>
  </testcase> <!-- @AfterTest teardown -->
  <testcase classname="com.takehome.testcases.FileDownloadsTest" name="@AfterTest teardown" time="0.0">
    <skipped/>
  </testcase> <!-- @AfterTest teardown -->
  <testcase classname="com.takehome.testcases.FileUploadTest" name="@AfterTest teardown" time="0.0">
    <skipped/>
  </testcase> <!-- @AfterTest teardown -->
  <testcase classname="com.takehome.testcases.FloatingMenuTest" name="@AfterTest teardown" time="0.0">
    <skipped/>
  </testcase> <!-- @AfterTest teardown -->
  <testcase classname="com.takehome.testcases.IFramesTest" name="@AfterTest teardown" time="0.0">
    <skipped/>
  </testcase> <!-- @AfterTest teardown -->
  <testcase classname="com.takehome.testcases.JavaScriptAlertTest" name="@AfterTest teardown" time="0.0">
    <skipped/>
  </testcase> <!-- @AfterTest teardown -->
  <testcase classname="com.takehome.testcases.JavaScriptErrorTest" name="@AfterTest teardown" time="0.0">
    <skipped/>
  </testcase> <!-- @AfterTest teardown -->
  <testcase classname="com.takehome.testcases.LoginFailureTest" name="@AfterTest teardown" time="0.0">
    <skipped/>
  </testcase> <!-- @AfterTest teardown -->
  <testcase classname="com.takehome.testcases.LoginSuccessTest" name="@AfterTest teardown" time="0.0">
    <skipped/>
  </testcase> <!-- @AfterTest teardown -->
  <testcase classname="com.takehome.testcases.MouseHoverTest" name="@AfterTest teardown" time="0.0">
    <skipped/>
  </testcase> <!-- @AfterTest teardown -->
  <testcase classname="com.takehome.testcases.NotificationMessageTest" name="@AfterTest teardown" time="0.0">
    <skipped/>
  </testcase> <!-- @AfterTest teardown -->
  <testcase classname="com.takehome.testcases.OpenNewWindowTest" name="@AfterTest teardown" time="0.0">
    <skipped/>
  </testcase> <!-- @AfterTest teardown -->
  <testcase classname="com.takehome.testcases.LoginSuccessTest" name="loginSuccess" time="1.647"/>
  <testcase classname="com.takehome.testcases.DropdownTest" name="dropdown" time="1.028"/>
  <testcase classname="com.takehome.testcases.LoginFailureTest" name="loginFailure" time="1.864"/>
  <testcase classname="com.takehome.testcases.OpenNewWindowTest" name="opennewwindow" time="0.868"/>
  <testcase classname="com.takehome.testcases.IFramesTest" name="iframes" time="2.121"/>
  <testcase classname="com.takehome.testcases.NotificationMessageTest" name="notificationmessage" time="12.073"/>
  <testcase classname="com.takehome.testcases.DynamicControlTest" name="dynamiccontrol" time="13.351"/>
  <testcase classname="com.takehome.testcases.FloatingMenuTest" name="floatingmenu" time="0.237"/>
  <testcase classname="com.takehome.testcases.DynamicloadingTest" name="dynamicloading" time="5.319"/>
  <testcase classname="com.takehome.testcases.DynamicContentTest" name="dynamiccontent" time="0.487"/>
  <testcase classname="com.takehome.testcases.DragandDropTest" name="draganddrop" time="0.512">
    <failure type="java.lang.AssertionError" message=" Failed to Drag and Drop expected [B] but found [A]">
      <![CDATA[java.lang.AssertionError:  Failed to Drag and Drop expected [B] but found [A]
at com.takehome.testcases.DragandDropTest.draganddrop(DragandDropTest.java:31)
at java.base/java.util.ArrayList.forEach(ArrayList.java:1540)
... Removed 42 stack frames]]>
    </failure>
  </testcase> <!-- draganddrop -->
  <testcase classname="com.takehome.testcases.JavaScriptAlertTest" name="javascriptalert" time="1.056"/>
  <testcase classname="com.takehome.testcases.CheckBoxesTest" name="checkboxes" time="0.31"/>
  <testcase classname="com.takehome.testcases.FileUploadTest" name="fileupload" time="0.424"/>
  <testcase classname="com.takehome.testcases.JavaScriptErrorTest" name="javascripterrorsolution2" time="0.078"/>
  <testcase classname="com.takehome.testcases.FileDownloadsTest" name="filedownload" time="0.337"/>
  <testcase classname="com.takehome.testcases.ContextMenuTest" name="contextmenu" time="0.57"/>
  <testcase classname="com.takehome.testcases.MouseHoverTest" name="mousehover" time="0.651"/>
</testsuite> <!-- Command line test -->
