<?xml version="1.0" encoding="UTF-8"?>
<testsuite xmlns:xsi="http://www.w3.org/2001/XMLSchema-instance" xsi:noNamespaceSchemaLocation="https://maven.apache.org/surefire/maven-surefire-plugin/xsd/surefire-test-report.xsd" name="com.app.AllTests" time="151.982" tests="18" errors="0" skipped="1" failures="3">
  <properties>
[...]
</properties>
  <testcase name="jsErrorVerifyTest" classname="com.app.AllTests" time="5.816"/>
  <testcase name="loginTest_positive" classname="com.app.AllTests" time="4.443">
    <failure message="expected: &lt;You logged into a secure area!&gt; but was: &lt;You logged into a secure area!&#10;×&gt;" type="org.opentest4j.AssertionFailedError"><![CDATA[org.opentest4j.AssertionFailedError: 
expected: <You logged into a secure area!> but was: <You logged into a secure area!
×>
	at com.app.AllTests.loginTest_positive(AllTests.java:38)
]]></failure>
    <system-err><![CDATA[Starting ChromeDriver 89.0.4389.23 (61b08ee2c50024bab004e48d2b1b083cdbdac579-refs/branch-heads/4389@{#294}) on port 17139
Only local connections are allowed.
Please see https://chromedriver.chromium.org/security-considerations for suggestions on keeping ChromeDriver safe.
ChromeDriver was started successfully.
Apr 01, 2021 7:43:51 PM org.openqa.selenium.remote.ProtocolHandshake createSession
INFO: Detected dialect: W3C
]]></system-err>
  </testcase>
  <testcase name="loginTest_negative" classname="com.app.AllTests" time="5.134">
    <failure message="expected: &lt;Your username is invalid!&gt; but was: &lt;Your username is invalid!&#10;×&gt;" type="org.opentest4j.AssertionFailedError"><![CDATA[org.opentest4j.AssertionFailedError: 
expected: <Your username is invalid!> but was: <Your username is invalid!
×>
	at com.app.AllTests.loginTest_negative(AllTests.java:51)
]]></failure>
    <system-err><![CDATA[Starting ChromeDriver 89.0.4389.23 (61b08ee2c50024bab004e48d2b1b083cdbdac579-refs/branch-heads/4389@{#294}) on port 37000
Only local connections are allowed.
Please see https://chromedriver.chromium.org/security-considerations for suggestions on keeping ChromeDriver safe.
ChromeDriver was started successfully.
Apr 01, 2021 7:43:55 PM org.openqa.selenium.remote.ProtocolHandshake createSession
INFO: Detected dialect: W3C
]]></system-err>
  </testcase>
  <testcase name="downloadFileTest" classname="com.app.AllTests" time="6.198"/>
  <testcase name="uploadFileTest" classname="com.app.AllTests" time="6.093"/>
  <testcase name="dragAndDropTest" classname="com.app.AllTests" time="0">
    <skipped message="public void com.app.AllTests.dragAndDropTest() throws java.lang.InterruptedException is @Disabled"/>
  </testcase>
  <testcase name="newTabVerifyTest" classname="com.app.AllTests" time="5.665"/>
  <testcase name="iframeTextTest" classname="com.app.AllTests" time="15.782"/>
  <testcase name="mouseHoverOverTest" classname="com.app.AllTests" time="9.014"/>
  <testcase name="contextMenuTest" classname="com.app.AllTests" time="4.282"/>
  <testcase name="jsAlertsTest" classname="com.app.AllTests" time="7.279"/>
  <testcase name="checkBoxTest" classname="com.app.AllTests" time="7.999"/>
  <testcase name="floatingMenuTest" classname="com.app.AllTests" time="4.468"/>
  <testcase name="dynamicContentTest" classname="com.app.AllTests" time="12.054"/>
  <testcase name="dynamicControlsTest" classname="com.app.AllTests" time="22.505"/>
  <testcase name="dynamicLoadingTest" classname="com.app.AllTests" time="9.222"/>
  <testcase name="notificationMsgVerifyTest" classname="com.app.AllTests" time="12.137">
    <failure message="Success message never came ==&gt; expected: &lt;true&gt; but was: &lt;false&gt;" type="org.opentest4j.AssertionFailedError"><![CDATA[org.opentest4j.AssertionFailedError: Success message never came ==> expected: <true> but was: <false>
	at com.app.AllTests.notificationMsgVerifyTest(AllTests.java:252)
]]></failure>
    <system-err><![CDATA[Starting ChromeDriver 89.0.4389.23 (61b08ee2c50024bab004e48d2b1b083cdbdac579-refs/branch-heads/4389@{#294}) on port 27611
Only local connections are allowed.
Please see https://chromedriver.chromium.org/security-considerations for suggestions on keeping ChromeDriver safe.
ChromeDriver was started successfully.
Apr 01, 2021 7:45:51 PM org.openqa.selenium.remote.ProtocolHandshake createSession
INFO: Detected dialect: W3C
]]></system-err>
  </testcase>
  <testcase name="dropDownTest" classname="com.app.AllTests" time="13.85"/>
</testsuite>