<?xml version="1.0" encoding="UTF-8"?>
<testng-results skipped="0" failed="0" ignored="0" total="26" passed="26">
  <reporter-output>
  </reporter-output>
  <suite name="Webdriver Suite" duration-ms="79535" started-at="2021-07-01T11:14:25 EDT" finished-at="2021-07-01T11:15:45 EDT">
    <groups>
    </groups>
    <test name="Webdriver Test" duration-ms="79535" started-at="2021-07-01T11:14:25 EDT" finished-at="2021-07-01T11:15:45 EDT">
      <class name="webdriver.test.TestCases.DynamicControlTest">
        <test-method status="PASS" signature="Setup()[pri:0, instance:webdriver.test.TestCases.DynamicControlTest@7c16905e]" name="Setup" is-config="true" duration-ms="2226" started-at="2021-07-01T11:14:42 EDT" finished-at="2021-07-01T11:14:44 EDT">
          <reporter-output>
          </reporter-output>
        </test-method> <!-- Setup -->
        <test-method status="PASS" signature="ClickDynamicControlButton()[pri:0, instance:webdriver.test.TestCases.DynamicControlTest@7c16905e]" name="ClickDynamicControlButton" duration-ms="26454" started-at="2021-07-01T11:14:44 EDT" finished-at="2021-07-01T11:15:10 EDT">
          <reporter-output>
          </reporter-output>
        </test-method> <!-- ClickDynamicControlButton -->
        <test-method status="PASS" signature="TearDown()[pri:0, instance:webdriver.test.TestCases.DynamicControlTest@7c16905e]" name="TearDown" is-config="true" duration-ms="93" started-at="2021-07-01T11:15:10 EDT" finished-at="2021-07-01T11:15:10 EDT">
          <reporter-output>
          </reporter-output>
        </test-method> <!-- TearDown -->
      </class> <!-- webdriver.test.TestCases.DynamicControlTest -->
      <class name="webdriver.test.TestCases.FileUploadTest">
        <test-method status="PASS" signature="Setup()[pri:0, instance:webdriver.test.TestCases.FileUploadTest@20e2cbe0]" name="Setup" is-config="true" duration-ms="1891" started-at="2021-07-01T11:15:24 EDT" finished-at="2021-07-01T11:15:26 EDT">
          <reporter-output>
          </reporter-output>
        </test-method> <!-- Setup -->
        <test-method status="PASS" signature="checkFileUploaded()[pri:0, instance:webdriver.test.TestCases.FileUploadTest@20e2cbe0]" name="checkFileUploaded" duration-ms="187" started-at="2021-07-01T11:15:26 EDT" finished-at="2021-07-01T11:15:26 EDT">
          <reporter-output>
          </reporter-output>
        </test-method> <!-- checkFileUploaded -->
        <test-method status="PASS" signature="TearDown()[pri:0, instance:webdriver.test.TestCases.FileUploadTest@20e2cbe0]" name="TearDown" is-config="true" duration-ms="103" started-at="2021-07-01T11:15:26 EDT" finished-at="2021-07-01T11:15:27 EDT">
          <reporter-output>
          </reporter-output>
        </test-method> <!-- TearDown -->
      </class> <!-- webdriver.test.TestCases.FileUploadTest -->
      <class name="webdriver.test.TestCases.NotificationMessageTest">
        <test-method status="PASS" signature="Setup()[pri:0, instance:webdriver.test.TestCases.NotificationMessageTest@1b604f19]" name="Setup" is-config="true" duration-ms="1742" started-at="2021-07-01T11:15:42 EDT" finished-at="2021-07-01T11:15:44 EDT">
          <reporter-output>
          </reporter-output>
        </test-method> <!-- Setup -->
        <test-method status="PASS" signature="MultipleNotificationMessageTest()[pri:0, instance:webdriver.test.TestCases.NotificationMessageTest@1b604f19]" name="MultipleNotificationMessageTest" duration-ms="504" started-at="2021-07-01T11:15:44 EDT" finished-at="2021-07-01T11:15:44 EDT">
          <reporter-output>
          </reporter-output>
        </test-method> <!-- MultipleNotificationMessageTest -->
        <test-method status="PASS" signature="checkNotificationMessageSuccessful()[pri:0, instance:webdriver.test.TestCases.NotificationMessageTest@1b604f19]" name="checkNotificationMessageSuccessful" duration-ms="154" started-at="2021-07-01T11:15:44 EDT" finished-at="2021-07-01T11:15:44 EDT">
          <reporter-output>
          </reporter-output>
        </test-method> <!-- checkNotificationMessageSuccessful -->
        <test-method status="PASS" signature="checkNotificationMessageUnsuccessful()[pri:0, instance:webdriver.test.TestCases.NotificationMessageTest@1b604f19]" name="checkNotificationMessageUnsuccessful" duration-ms="156" started-at="2021-07-01T11:15:44 EDT" finished-at="2021-07-01T11:15:44 EDT">
          <reporter-output>
          </reporter-output>
        </test-method> <!-- checkNotificationMessageUnsuccessful -->
        <test-method status="PASS" signature="checkNotificationMessageUnsuccessfulTryAgain()[pri:0, instance:webdriver.test.TestCases.NotificationMessageTest@1b604f19]" name="checkNotificationMessageUnsuccessfulTryAgain" duration-ms="158" started-at="2021-07-01T11:15:44 EDT" finished-at="2021-07-01T11:15:45 EDT">
          <reporter-output>
          </reporter-output>
        </test-method> <!-- checkNotificationMessageUnsuccessfulTryAgain -->
        <test-method status="PASS" signature="TearDown()[pri:0, instance:webdriver.test.TestCases.NotificationMessageTest@1b604f19]" name="TearDown" is-config="true" duration-ms="97" started-at="2021-07-01T11:15:45 EDT" finished-at="2021-07-01T11:15:45 EDT">
          <reporter-output>
          </reporter-output>
        </test-method> <!-- TearDown -->
      </class> <!-- webdriver.test.TestCases.NotificationMessageTest -->
      <class name="webdriver.test.TestCases.InvalidLogInTest">
        <test-method status="PASS" signature="Setup()[pri:0, instance:webdriver.test.TestCases.InvalidLogInTest@5419f379]" name="Setup" is-config="true" duration-ms="1698" started-at="2021-07-01T11:14:29 EDT" finished-at="2021-07-01T11:14:31 EDT">
          <reporter-output>
          </reporter-output>
        </test-method> <!-- Setup -->
        <test-method status="PASS" signature="LoginFailurePassword()[pri:0, instance:webdriver.test.TestCases.InvalidLogInTest@5419f379]" name="LoginFailurePassword" duration-ms="281" started-at="2021-07-01T11:14:31 EDT" finished-at="2021-07-01T11:14:31 EDT">
          <reporter-output>
          </reporter-output>
        </test-method> <!-- LoginFailurePassword -->
        <test-method status="PASS" signature="LoginFailureUserName()[pri:0, instance:webdriver.test.TestCases.InvalidLogInTest@5419f379]" name="LoginFailureUserName" duration-ms="171" started-at="2021-07-01T11:14:31 EDT" finished-at="2021-07-01T11:14:31 EDT">
          <reporter-output>
          </reporter-output>
        </test-method> <!-- LoginFailureUserName -->
        <test-method status="PASS" signature="TearDown()[pri:0, instance:webdriver.test.TestCases.InvalidLogInTest@5419f379]" name="TearDown" is-config="true" duration-ms="94" started-at="2021-07-01T11:14:31 EDT" finished-at="2021-07-01T11:14:31 EDT">
          <reporter-output>
          </reporter-output>
        </test-method> <!-- TearDown -->
      </class> <!-- webdriver.test.TestCases.InvalidLogInTest -->
      <class name="webdriver.test.TestCases.DynamicLoadingTest">
        <test-method status="PASS" signature="Setup()[pri:0, instance:webdriver.test.TestCases.DynamicLoadingTest@2a2d45ba]" name="Setup" is-config="true" duration-ms="1985" started-at="2021-07-01T11:15:10 EDT" finished-at="2021-07-01T11:15:12 EDT">
          <reporter-output>
          </reporter-output>
        </test-method> <!-- Setup -->
        <test-method status="PASS" signature="dynamicLoadingMessage()[pri:0, instance:webdriver.test.TestCases.DynamicLoadingTest@2a2d45ba]" name="dynamicLoadingMessage" duration-ms="5097" started-at="2021-07-01T11:15:12 EDT" finished-at="2021-07-01T11:15:17 EDT">
          <reporter-output>
          </reporter-output>
        </test-method> <!-- dynamicLoadingMessage -->
        <test-method status="PASS" signature="TearDown()[pri:0, instance:webdriver.test.TestCases.DynamicLoadingTest@2a2d45ba]" name="TearDown" is-config="true" duration-ms="91" started-at="2021-07-01T11:15:17 EDT" finished-at="2021-07-01T11:15:17 EDT">
          <reporter-output>
          </reporter-output>
        </test-method> <!-- TearDown -->
      </class> <!-- webdriver.test.TestCases.DynamicLoadingTest -->
      <class name="webdriver.test.TestCases.DynamicContentTest">
        <test-method status="PASS" signature="Setup()[pri:0, instance:webdriver.test.TestCases.DynamicContentTest@1753acfe]" name="Setup" is-config="true" duration-ms="1802" started-at="2021-07-01T11:14:39 EDT" finished-at="2021-07-01T11:14:41 EDT">
          <reporter-output>
          </reporter-output>
        </test-method> <!-- Setup -->
        <test-method status="PASS" signature="testDynamicContent()[pri:0, instance:webdriver.test.TestCases.DynamicContentTest@1753acfe]" name="testDynamicContent" duration-ms="239" started-at="2021-07-01T11:14:41 EDT" finished-at="2021-07-01T11:14:41 EDT">
          <reporter-output>
          </reporter-output>
        </test-method> <!-- testDynamicContent -->
        <test-method status="PASS" signature="TearDown()[pri:0, instance:webdriver.test.TestCases.DynamicContentTest@1753acfe]" name="TearDown" is-config="true" duration-ms="40" started-at="2021-07-01T11:14:41 EDT" finished-at="2021-07-01T11:14:42 EDT">
          <reporter-output>
          </reporter-output>
        </test-method> <!-- TearDown -->
      </class> <!-- webdriver.test.TestCases.DynamicContentTest -->
      <class name="webdriver.test.TestCases.DragAndDropTest">
        <test-method status="PASS" signature="Setup()[pri:0, instance:webdriver.test.TestCases.DragAndDropTest@4f933fd1]" name="Setup" is-config="true" duration-ms="1723" started-at="2021-07-01T11:14:35 EDT" finished-at="2021-07-01T11:14:37 EDT">
          <reporter-output>
          </reporter-output>
        </test-method> <!-- Setup -->
        <test-method status="PASS" signature="dragAndDropColumn()[pri:0, instance:webdriver.test.TestCases.DragAndDropTest@4f933fd1]" name="dragAndDropColumn" duration-ms="130" started-at="2021-07-01T11:14:37 EDT" finished-at="2021-07-01T11:14:37 EDT">
          <reporter-output>
          </reporter-output>
        </test-method> <!-- dragAndDropColumn -->
        <test-method status="PASS" signature="TearDown()[pri:0, instance:webdriver.test.TestCases.DragAndDropTest@4f933fd1]" name="TearDown" is-config="true" duration-ms="39" started-at="2021-07-01T11:14:37 EDT" finished-at="2021-07-01T11:14:37 EDT">
          <reporter-output>
          </reporter-output>
        </test-method> <!-- TearDown -->
      </class> <!-- webdriver.test.TestCases.DragAndDropTest -->
      <class name="webdriver.test.TestCases.CheckBoxesTest">
        <test-method status="PASS" signature="Setup()[pri:0, instance:webdriver.test.TestCases.CheckBoxesTest@7dc7cbad]" name="Setup" is-config="true" duration-ms="1752" started-at="2021-07-01T11:14:31 EDT" finished-at="2021-07-01T11:14:33 EDT">
          <reporter-output>
          </reporter-output>
        </test-method> <!-- Setup -->
        <test-method status="PASS" signature="Checkboxes()[pri:0, instance:webdriver.test.TestCases.CheckBoxesTest@7dc7cbad]" name="Checkboxes" duration-ms="263" started-at="2021-07-01T11:14:33 EDT" finished-at="2021-07-01T11:14:33 EDT">
          <reporter-output>
          </reporter-output>
        </test-method> <!-- Checkboxes -->
        <test-method status="PASS" signature="TearDown()[pri:0, instance:webdriver.test.TestCases.CheckBoxesTest@7dc7cbad]" name="TearDown" is-config="true" duration-ms="43" started-at="2021-07-01T11:14:33 EDT" finished-at="2021-07-01T11:14:33 EDT">
          <reporter-output>
          </reporter-output>
        </test-method> <!-- TearDown -->
      </class> <!-- webdriver.test.TestCases.CheckBoxesTest -->
      <class name="webdriver.test.TestCases.OpenNewWindowTest">
        <test-method status="PASS" signature="Setup()[pri:0, instance:webdriver.test.TestCases.OpenNewWindowTest@1593948d]" name="Setup" is-config="true" duration-ms="1668" started-at="2021-07-01T11:15:40 EDT" finished-at="2021-07-01T11:15:42 EDT">
          <reporter-output>
          </reporter-output>
        </test-method> <!-- Setup -->
        <test-method status="PASS" signature="openInNewTab()[pri:0, instance:webdriver.test.TestCases.OpenNewWindowTest@1593948d]" name="openInNewTab" duration-ms="136" started-at="2021-07-01T11:15:42 EDT" finished-at="2021-07-01T11:15:42 EDT">
          <reporter-output>
          </reporter-output>
        </test-method> <!-- openInNewTab -->
        <test-method status="PASS" signature="TearDown()[pri:0, instance:webdriver.test.TestCases.OpenNewWindowTest@1593948d]" name="TearDown" is-config="true" duration-ms="99" started-at="2021-07-01T11:15:42 EDT" finished-at="2021-07-01T11:15:42 EDT">
          <reporter-output>
          </reporter-output>
        </test-method> <!-- TearDown -->
      </class> <!-- webdriver.test.TestCases.OpenNewWindowTest -->
      <class name="webdriver.test.TestCases.MouseHoverTest">
        <test-method status="PASS" signature="Setup()[pri:0, instance:webdriver.test.TestCases.MouseHoverTest@675d3402]" name="Setup" is-config="true" duration-ms="1757" started-at="2021-07-01T11:15:33 EDT" finished-at="2021-07-01T11:15:35 EDT">
          <reporter-output>
          </reporter-output>
        </test-method> <!-- Setup -->
        <test-method status="PASS" signature="MouseHoverTextValidation()[pri:0, instance:webdriver.test.TestCases.MouseHoverTest@675d3402]" name="MouseHoverTextValidation" duration-ms="412" started-at="2021-07-01T11:15:35 EDT" finished-at="2021-07-01T11:15:35 EDT">
          <reporter-output>
          </reporter-output>
        </test-method> <!-- MouseHoverTextValidation -->
        <test-method status="PASS" signature="TearDown()[pri:0, instance:webdriver.test.TestCases.MouseHoverTest@675d3402]" name="TearDown" is-config="true" duration-ms="91" started-at="2021-07-01T11:15:35 EDT" finished-at="2021-07-01T11:15:35 EDT">
          <reporter-output>
          </reporter-output>
        </test-method> <!-- TearDown -->
      </class> <!-- webdriver.test.TestCases.MouseHoverTest -->
      <class name="webdriver.test.TestCases.JsErrorTest">
        <test-method status="PASS" signature="Setup()[pri:0, instance:webdriver.test.TestCases.JsErrorTest@482f8f11]" name="Setup" is-config="true" duration-ms="1548" started-at="2021-07-01T11:15:38 EDT" finished-at="2021-07-01T11:15:40 EDT">
          <reporter-output>
          </reporter-output>
        </test-method> <!-- Setup -->
        <test-method status="PASS" signature="CheckJsError()[pri:0, instance:webdriver.test.TestCases.JsErrorTest@482f8f11]" name="CheckJsError" duration-ms="4" started-at="2021-07-01T11:15:40 EDT" finished-at="2021-07-01T11:15:40 EDT">
          <reporter-output>
          </reporter-output>
        </test-method> <!-- CheckJsError -->
        <test-method status="PASS" signature="TearDown()[pri:0, instance:webdriver.test.TestCases.JsErrorTest@482f8f11]" name="TearDown" is-config="true" duration-ms="143" started-at="2021-07-01T11:15:40 EDT" finished-at="2021-07-01T11:15:40 EDT">
          <reporter-output>
          </reporter-output>
        </test-method> <!-- TearDown -->
      </class> <!-- webdriver.test.TestCases.JsErrorTest -->
      <class name="webdriver.test.TestCases.JsAlretTest">
        <test-method status="PASS" signature="Setup()[pri:0, instance:webdriver.test.TestCases.JsAlretTest@51565ec2]" name="Setup" is-config="true" duration-ms="1713" started-at="2021-07-01T11:15:35 EDT" finished-at="2021-07-01T11:15:37 EDT">
          <reporter-output>
          </reporter-output>
        </test-method> <!-- Setup -->
        <test-method status="PASS" signature="addTextInPromptDialog()[pri:0, instance:webdriver.test.TestCases.JsAlretTest@51565ec2]" name="addTextInPromptDialog" duration-ms="77" started-at="2021-07-01T11:15:37 EDT" finished-at="2021-07-01T11:15:37 EDT">
          <reporter-output>
          </reporter-output>
        </test-method> <!-- addTextInPromptDialog -->
        <test-method status="PASS" signature="cancelDialogTest()[pri:0, instance:webdriver.test.TestCases.JsAlretTest@51565ec2]" name="cancelDialogTest" duration-ms="387" started-at="2021-07-01T11:15:37 EDT" finished-at="2021-07-01T11:15:38 EDT">
          <reporter-output>
          </reporter-output>
        </test-method> <!-- cancelDialogTest -->
        <test-method status="PASS" signature="cancelPromptDialog()[pri:0, instance:webdriver.test.TestCases.JsAlretTest@51565ec2]" name="cancelPromptDialog" duration-ms="204" started-at="2021-07-01T11:15:38 EDT" finished-at="2021-07-01T11:15:38 EDT">
          <reporter-output>
          </reporter-output>
        </test-method> <!-- cancelPromptDialog -->
        <test-method status="PASS" signature="clickJsAlertButton()[pri:0, instance:webdriver.test.TestCases.JsAlretTest@51565ec2]" name="clickJsAlertButton" duration-ms="184" started-at="2021-07-01T11:15:38 EDT" finished-at="2021-07-01T11:15:38 EDT">
          <reporter-output>
          </reporter-output>
        </test-method> <!-- clickJsAlertButton -->
        <test-method status="PASS" signature="clickJsConfirmButton()[pri:0, instance:webdriver.test.TestCases.JsAlretTest@51565ec2]" name="clickJsConfirmButton" duration-ms="113" started-at="2021-07-01T11:15:38 EDT" finished-at="2021-07-01T11:15:38 EDT">
          <reporter-output>
          </reporter-output>
        </test-method> <!-- clickJsConfirmButton -->
        <test-method status="PASS" signature="TearDown()[pri:0, instance:webdriver.test.TestCases.JsAlretTest@51565ec2]" name="TearDown" is-config="true" duration-ms="96" started-at="2021-07-01T11:15:38 EDT" finished-at="2021-07-01T11:15:38 EDT">
          <reporter-output>
          </reporter-output>
        </test-method> <!-- TearDown -->
      </class> <!-- webdriver.test.TestCases.JsAlretTest -->
      <class name="webdriver.test.TestCases.FileDownloadTest">
        <test-method status="PASS" signature="Setup()[pri:0, instance:webdriver.test.TestCases.FileDownloadTest@2a5ca609]" name="Setup" is-config="true" duration-ms="1734" started-at="2021-07-01T11:15:17 EDT" finished-at="2021-07-01T11:15:19 EDT">
          <reporter-output>
          </reporter-output>
        </test-method> <!-- Setup -->
        <test-method status="PASS" signature="checkFileDownload()[pri:0, instance:webdriver.test.TestCases.FileDownloadTest@2a5ca609]" name="checkFileDownload" duration-ms="5054" started-at="2021-07-01T11:15:19 EDT" finished-at="2021-07-01T11:15:24 EDT">
          <reporter-output>
          </reporter-output>
        </test-method> <!-- checkFileDownload -->
        <test-method status="PASS" signature="TearDown()[pri:0, instance:webdriver.test.TestCases.FileDownloadTest@2a5ca609]" name="TearDown" is-config="true" duration-ms="91" started-at="2021-07-01T11:15:24 EDT" finished-at="2021-07-01T11:15:24 EDT">
          <reporter-output>
          </reporter-output>
        </test-method> <!-- TearDown -->
      </class> <!-- webdriver.test.TestCases.FileDownloadTest -->
      <class name="webdriver.test.TestCases.FloatingMenuTest">
        <test-method status="PASS" signature="Setup()[pri:0, instance:webdriver.test.TestCases.FloatingMenuTest@68be2bc2]" name="Setup" is-config="true" duration-ms="2069" started-at="2021-07-01T11:15:27 EDT" finished-at="2021-07-01T11:15:29 EDT">
          <reporter-output>
          </reporter-output>
        </test-method> <!-- Setup -->
        <test-method status="PASS" signature="FloatingMenuValidation()[pri:0, instance:webdriver.test.TestCases.FloatingMenuTest@68be2bc2]" name="FloatingMenuValidation" duration-ms="73" started-at="2021-07-01T11:15:29 EDT" finished-at="2021-07-01T11:15:29 EDT">
          <reporter-output>
          </reporter-output>
        </test-method> <!-- FloatingMenuValidation -->
        <test-method status="PASS" signature="TearDown()[pri:0, instance:webdriver.test.TestCases.FloatingMenuTest@68be2bc2]" name="TearDown" is-config="true" duration-ms="90" started-at="2021-07-01T11:15:29 EDT" finished-at="2021-07-01T11:15:29 EDT">
          <reporter-output>
          </reporter-output>
        </test-method> <!-- TearDown -->
      </class> <!-- webdriver.test.TestCases.FloatingMenuTest -->
      <class name="webdriver.test.TestCases.ContextMenuTest">
        <test-method status="PASS" signature="Setup()[pri:0, instance:webdriver.test.TestCases.ContextMenuTest@d2cc05a]" name="Setup" is-config="true" duration-ms="1855" started-at="2021-07-01T11:14:33 EDT" finished-at="2021-07-01T11:14:35 EDT">
          <reporter-output>
          </reporter-output>
        </test-method> <!-- Setup -->
        <test-method status="PASS" signature="ContextMenuAlert()[pri:0, instance:webdriver.test.TestCases.ContextMenuTest@d2cc05a]" name="ContextMenuAlert" duration-ms="150" started-at="2021-07-01T11:14:35 EDT" finished-at="2021-07-01T11:14:35 EDT">
          <reporter-output>
          </reporter-output>
        </test-method> <!-- ContextMenuAlert -->
        <test-method status="PASS" signature="TearDown()[pri:0, instance:webdriver.test.TestCases.ContextMenuTest@d2cc05a]" name="TearDown" is-config="true" duration-ms="97" started-at="2021-07-01T11:14:35 EDT" finished-at="2021-07-01T11:14:35 EDT">
          <reporter-output>
          </reporter-output>
        </test-method> <!-- TearDown -->
      </class> <!-- webdriver.test.TestCases.ContextMenuTest -->
      <class name="webdriver.test.TestCases.LogInTest">
        <test-method status="PASS" signature="Setup()[pri:0, instance:webdriver.test.TestCases.LogInTest@4520ebad]" name="Setup" is-config="true" duration-ms="3533" started-at="2021-07-01T11:14:25 EDT" finished-at="2021-07-01T11:14:29 EDT">
          <reporter-output>
          </reporter-output>
        </test-method> <!-- Setup -->
        <test-method status="PASS" signature="LoginSuccess()[pri:0, instance:webdriver.test.TestCases.LogInTest@4520ebad]" name="LoginSuccess" duration-ms="379" started-at="2021-07-01T11:14:29 EDT" finished-at="2021-07-01T11:14:29 EDT">
          <reporter-output>
          </reporter-output>
        </test-method> <!-- LoginSuccess -->
        <test-method status="PASS" signature="TearDown()[pri:0, instance:webdriver.test.TestCases.LogInTest@4520ebad]" name="TearDown" is-config="true" duration-ms="37" started-at="2021-07-01T11:14:29 EDT" finished-at="2021-07-01T11:14:29 EDT">
          <reporter-output>
          </reporter-output>
        </test-method> <!-- TearDown -->
      </class> <!-- webdriver.test.TestCases.LogInTest -->
      <class name="webdriver.test.TestCases.DropDownTest">
        <test-method status="PASS" signature="Setup()[pri:0, instance:webdriver.test.TestCases.DropDownTest@548a9f61]" name="Setup" is-config="true" duration-ms="1726" started-at="2021-07-01T11:14:37 EDT" finished-at="2021-07-01T11:14:39 EDT">
          <reporter-output>
          </reporter-output>
        </test-method> <!-- Setup -->
        <test-method status="PASS" signature="selectDropDownOptionTest()[pri:0, instance:webdriver.test.TestCases.DropDownTest@548a9f61]" name="selectDropDownOptionTest" duration-ms="309" started-at="2021-07-01T11:14:39 EDT" finished-at="2021-07-01T11:14:39 EDT">
          <reporter-output>
          </reporter-output>
        </test-method> <!-- selectDropDownOptionTest -->
        <test-method status="PASS" signature="TearDown()[pri:0, instance:webdriver.test.TestCases.DropDownTest@548a9f61]" name="TearDown" is-config="true" duration-ms="38" started-at="2021-07-01T11:14:39 EDT" finished-at="2021-07-01T11:14:39 EDT">
          <reporter-output>
          </reporter-output>
        </test-method> <!-- TearDown -->
      </class> <!-- webdriver.test.TestCases.DropDownTest -->
      <class name="webdriver.test.TestCases.IframeTextTest">
        <test-method status="PASS" signature="Setup()[pri:0, instance:webdriver.test.TestCases.IframeTextTest@28feb3fa]" name="Setup" is-config="true" duration-ms="3658" started-at="2021-07-01T11:15:29 EDT" finished-at="2021-07-01T11:15:32 EDT">
          <reporter-output>
          </reporter-output>
        </test-method> <!-- Setup -->
        <test-method status="PASS" signature="IframeTextValidation()[pri:0, instance:webdriver.test.TestCases.IframeTextTest@28feb3fa]" name="IframeTextValidation" duration-ms="666" started-at="2021-07-01T11:15:32 EDT" finished-at="2021-07-01T11:15:33 EDT">
          <reporter-output>
          </reporter-output>
        </test-method> <!-- IframeTextValidation -->
        <test-method status="PASS" signature="TearDown()[pri:0, instance:webdriver.test.TestCases.IframeTextTest@28feb3fa]" name="TearDown" is-config="true" duration-ms="96" started-at="2021-07-01T11:15:33 EDT" finished-at="2021-07-01T11:15:33 EDT">
          <reporter-output>
          </reporter-output>
        </test-method> <!-- TearDown -->
      </class> <!-- webdriver.test.TestCases.IframeTextTest -->
    </test> <!-- Webdriver Test -->
  </suite> <!-- Webdriver Suite -->
</testng-results>
