<?xml version="1.0" encoding="UTF-8"?>
<testsuite xmlns:xsi="http://www.w3.org/2001/XMLSchema-instance" xsi:noNamespaceSchemaLocation="https://maven.apache.org/surefire/maven-surefire-plugin/xsd/surefire-test-report.xsd" name="TestSuite" time="165.044" tests="24" errors="0" skipped="0" failures="1">
  <properties>
[...]
</properties>
  <testcase name="check_and_Uncheck_CheckBox1" classname="org.example.CheckBoxTest" time="0.737"/>
  <testcase name="check_and_Uncheck_CheckBox2" classname="org.example.CheckBoxTest" time="0.6"/>
  <testcase name="testRightClick" classname="org.example.ContextMenuTest" time="0.587"/>
  <testcase name="dragAndDropTest" classname="org.example.DragAndDropTest" time="12.691">
    <failure message="expected [B] but found [A]" type="java.lang.AssertionError">java.lang.AssertionError: expected [B] but found [A]
	at org.example.DragAndDropTest.dragAndDropTest(DragAndDropTest.java:22)
</failure>
    <system-out><![CDATA[(150, 150)
(150, 150)
(413, 88)
198
88
Screen Size: (1382, 744)
]]></system-out>
    <system-err><![CDATA[Starting ChromeDriver 110.0.5481.77 (65ed616c6e8ee3fe0ad64fe83796c020644d42af-refs/branch-heads/5481@{#839}) on port 33955
Only local connections are allowed.
Please see https://chromedriver.chromium.org/security-considerations for suggestions on keeping ChromeDriver safe.
ChromeDriver was started successfully.
[1678487046.828][WARNING]: virtual void DevToolsClientImpl::AddListener(DevToolsEventListener *) subscribing a listener to the already connected DevToolsClient. Connection notification will not arrive.
Mar 10, 2023 5:24:06 PM org.openqa.selenium.remote.ProtocolHandshake createSession
INFO: Detected dialect: W3C
]]></system-err>
  </testcase>
  <testcase name="option1Test" classname="org.example.DropDownTest" time="0.444"/>
  <testcase name="option2Test" classname="org.example.DropDownTest" time="0.567"/>
  <testcase name="dynamicContentTests" classname="org.example.DynamicContentTest" time="0.672"/>
  <testcase name="testToAddOrRemoveButton" classname="org.example.DynamicControlsTest" time="7.288"/>
  <testcase name="testToEnableOrDisableButton" classname="org.example.DynamicControlsTest" time="7.712"/>
  <testcase name="DynamicLoadingTest" classname="org.example.DynamicLoadingTest" time="6.236"/>
  <testcase name="fileDownloadTest" classname="org.example.FileDownloadTest" time="0.463"/>
  <testcase name="fileUploadTest" classname="org.example.FileUploadTest" time="1.895"/>
  <testcase name="testFloatingMenu" classname="org.example.FloatingMenuTest" time="0.457"/>
  <testcase name="iFrameTest" classname="org.example.IFrameTest" time="1.939"/>
  <testcase name="jsAlertTest" classname="org.example.JavaScriptAlertsTest" time="0.49"/>
  <testcase name="jsConfirmTest" classname="org.example.JavaScriptAlertsTest" time="0.556"/>
  <testcase name="jsPromptTest" classname="org.example.JavaScriptAlertsTest" time="0.475"/>
  <testcase name="jsErrorTest" classname="org.example.JavaScriptErrorTest" time="0.25"/>
  <testcase name="invalidPasswordlogintest" classname="org.example.LoginPageTest" time="1.011"/>
  <testcase name="invalidUsernamelogintest" classname="org.example.LoginPageTest" time="1.072"/>
  <testcase name="validCredslogintest" classname="org.example.LoginPageTest" time="1.03"/>
  <testcase name="mouseHoverTest" classname="org.example.MouseHoverTest" time="1.238"/>
  <testcase name="newWindowTest" classname="org.example.NewWindowTest" time="0.676"/>
  <testcase name="notificationTest" classname="org.example.NotificationMessageTest" time="2.015"/>
</testsuite>