<?xml version="1.0" encoding="UTF-8"?>
<!-- Generated by org.testng.reporters.JUnitXMLReporter -->
<testsuite hostname="Pitiass-MBP.fios-router.home" ignored="0" name="Default test" tests="18" failures="1" timestamp="2020-09-20T02:32:27 EDT" time="230.969" errors="0">
  <testcase name="login_Success" time="2.583" classname="take.homw.script.Script"/>
  <testcase name="login_fail" time="1.519" classname="take.homw.script.Script"/>
  <testcase name="checkbox" time="1.278" classname="take.homw.script.Script"/>
  <testcase name="context_menu" time="2.369" classname="take.homw.script.Script"/>
  <testcase name="dragandDrop" time="5.587" classname="take.homw.script.Script"/>
  <testcase name="dropDown" time="3.359" classname="take.homw.script.Script"/>
  <testcase name="dynamic_Content" time="17.804" classname="take.homw.script.Script">
    <failure type="java.lang.AssertionError" message="expected [true] but found [false]">
      <![CDATA[java.lang.AssertionError: expected [true] but found [false]
at org.testng.Assert.fail(Assert.java:97)
at org.testng.Assert.failNotEquals(Assert.java:969)
at org.testng.Assert.assertTrue(Assert.java:43)
at org.testng.Assert.assertTrue(Assert.java:53)
at gmail.pitias4work.com.DynamicContent.dynamic_Content(DynamicContent.java:37)
at take.homw.script.Script.dynamic_Content(Script.java:68)
at sun.reflect.NativeMethodAccessorImpl.invoke0(Native Method)
at sun.reflect.NativeMethodAccessorImpl.invoke(NativeMethodAccessorImpl.java:62)
at sun.reflect.DelegatingMethodAccessorImpl.invoke(DelegatingMethodAccessorImpl.java:43)
at java.lang.reflect.Method.invoke(Method.java:498)
at org.testng.internal.MethodInvocationHelper.invokeMethod(MethodInvocationHelper.java:134)
at org.testng.internal.TestInvoker.invokeMethod(TestInvoker.java:597)
at org.testng.internal.TestInvoker.invokeTestMethod(TestInvoker.java:173)
at org.testng.internal.MethodRunner.runInSequence(MethodRunner.java:46)
at org.testng.internal.TestInvoker$MethodInvocationAgent.invoke(TestInvoker.java:816)
at org.testng.internal.TestInvoker.invokeTestMethods(TestInvoker.java:146)
at org.testng.internal.TestMethodWorker.invokeTestMethods(TestMethodWorker.java:146)
at org.testng.internal.TestMethodWorker.run(TestMethodWorker.java:128)
at java.util.ArrayList.forEach(ArrayList.java:1257)
at org.testng.TestRunner.privateRun(TestRunner.java:766)
at org.testng.TestRunner.run(TestRunner.java:587)
at org.testng.SuiteRunner.runTest(SuiteRunner.java:384)
at org.testng.SuiteRunner.runSequentially(SuiteRunner.java:378)
at org.testng.SuiteRunner.privateRun(SuiteRunner.java:337)
at org.testng.SuiteRunner.run(SuiteRunner.java:286)
at org.testng.SuiteRunnerWorker.runSuite(SuiteRunnerWorker.java:53)
at org.testng.SuiteRunnerWorker.run(SuiteRunnerWorker.java:96)
at org.testng.TestNG.runSuitesSequentially(TestNG.java:1187)
at org.testng.TestNG.runSuitesLocally(TestNG.java:1109)
at org.testng.TestNG.runSuites(TestNG.java:1039)
at org.testng.TestNG.run(TestNG.java:1007)
at org.testng.remote.AbstractRemoteTestNG.run(AbstractRemoteTestNG.java:115)
at org.testng.remote.RemoteTestNG.initAndRun(RemoteTestNG.java:251)
at org.testng.remote.RemoteTestNG.main(RemoteTestNG.java:77)
]]>
    </failure>
  </testcase> <!-- dynamic_Content -->
  <testcase name="dynamic_Control" time="20.64" classname="take.homw.script.Script"/>
  <testcase name="dynamic_Loading" time="10.277" classname="take.homw.script.Script"/>
  <testcase name="fileDownload" time="8.239" classname="take.homw.script.Script"/>
  <testcase name="fileUpload" time="6.402" classname="take.homw.script.Script"/>
  <testcase name="floating_Menu" time="2.236" classname="take.homw.script.Script"/>
  <testcase name="iframe" time="2.478" classname="take.homw.script.Script"/>
  <testcase name="mouse_Hover" time="9.686" classname="take.homw.script.Script"/>
  <testcase name="javaScriptAlerts" time="8.611" classname="take.homw.script.Script"/>
  <testcase name="JavaScriptError" time="0.105" classname="take.homw.script.Script"/>
  <testcase name="openNewTab" time="3.467" classname="take.homw.script.Script"/>
  <testcase name="notification_Msg" time="14.748" classname="take.homw.script.Script"/>
</testsuite> <!-- Default test -->
