<?xml version="1.0" encoding="UTF-8"?>
<testng-results skipped="0" failed="1" ignored="0" total="1" passed="0">
  <reporter-output>
  </reporter-output>
  <suite name="Default suite" duration-ms="7812" started-at="2020-09-19T01:17:30 EDT" finished-at="2020-09-19T01:17:38 EDT">
    <groups>
    </groups>
    <test name="Default test" duration-ms="7812" started-at="2020-09-19T01:17:30 EDT" finished-at="2020-09-19T01:17:38 EDT">
      <class name="gmail.pitias4work.com.DynamicControls">
        <test-method status="PASS" signature="startup()[pri:0, instance:gmail.pitias4work.com.DynamicControls@3aeaafa6]" name="startup" is-config="true" duration-ms="72" started-at="2020-09-19T01:17:30 EDT" finished-at="2020-09-19T01:17:31 EDT">
          <reporter-output>
          </reporter-output>
        </test-method> <!-- startup -->
        <test-method status="PASS" signature="setup()[pri:0, instance:gmail.pitias4work.com.DynamicControls@3aeaafa6]" name="setup" is-config="true" duration-ms="1483" started-at="2020-09-19T01:17:31 EDT" finished-at="2020-09-19T01:17:32 EDT">
          <reporter-output>
          </reporter-output>
        </test-method> <!-- setup -->
        <test-method status="FAIL" signature="dynamic_Control()[pri:0, instance:gmail.pitias4work.com.DynamicControls@3aeaafa6]" name="dynamic_Control" duration-ms="368" started-at="2020-09-19T01:17:32 EDT" finished-at="2020-09-19T01:17:32 EDT">
          <exception class="java.lang.NullPointerException">
            <full-stacktrace>
              <![CDATA[java.lang.NullPointerException
at org.openqa.selenium.support.ui.ExpectedConditions.elementIfVisible(ExpectedConditions.java:314)
at org.openqa.selenium.support.ui.ExpectedConditions.access$000(ExpectedConditions.java:43)
at org.openqa.selenium.support.ui.ExpectedConditions$10.apply(ExpectedConditions.java:300)
at org.openqa.selenium.support.ui.ExpectedConditions$10.apply(ExpectedConditions.java:297)
at org.openqa.selenium.support.ui.FluentWait.until(FluentWait.java:249)
at com.library.pitias.Library.explicitWait(Library.java:180)
at gmail.pitias4work.com.DynamicControls.dynamic_Control(DynamicControls.java:36)
at sun.reflect.NativeMethodAccessorImpl.invoke0(Native Method)
at sun.reflect.NativeMethodAccessorImpl.invoke(NativeMethodAccessorImpl.java:62)
at sun.reflect.DelegatingMethodAccessorImpl.invoke(DelegatingMethodAccessorImpl.java:43)
at java.lang.reflect.Method.invoke(Method.java:498)
at org.testng.internal.MethodInvocationHelper.invokeMethod(MethodInvocationHelper.java:134)
at org.testng.internal.TestInvoker.invokeMethod(TestInvoker.java:597)
at org.testng.internal.TestInvoker.invokeTestMethod(TestInvoker.java:173)
at org.testng.internal.MethodRunner.runInSequence(MethodRunner.java:46)
at org.testng.internal.TestInvoker$MethodInvocationAgent.invoke(TestInvoker.java:816)
at org.testng.internal.TestInvoker.invokeTestMethods(TestInvoker.java:146)
at org.testng.internal.TestMethodWorker.invokeTestMethods(TestMethodWorker.java:146)
at org.testng.internal.TestMethodWorker.run(TestMethodWorker.java:128)
at java.util.ArrayList.forEach(ArrayList.java:1257)
at org.testng.TestRunner.privateRun(TestRunner.java:766)
at org.testng.TestRunner.run(TestRunner.java:587)
at org.testng.SuiteRunner.runTest(SuiteRunner.java:384)
at org.testng.SuiteRunner.runSequentially(SuiteRunner.java:378)
at org.testng.SuiteRunner.privateRun(SuiteRunner.java:337)
at org.testng.SuiteRunner.run(SuiteRunner.java:286)
at org.testng.SuiteRunnerWorker.runSuite(SuiteRunnerWorker.java:53)
at org.testng.SuiteRunnerWorker.run(SuiteRunnerWorker.java:96)
at org.testng.TestNG.runSuitesSequentially(TestNG.java:1187)
at org.testng.TestNG.runSuitesLocally(TestNG.java:1109)
at org.testng.TestNG.runSuites(TestNG.java:1039)
at org.testng.TestNG.run(TestNG.java:1007)
at org.testng.remote.AbstractRemoteTestNG.run(AbstractRemoteTestNG.java:115)
at org.testng.remote.RemoteTestNG.initAndRun(RemoteTestNG.java:251)
at org.testng.remote.RemoteTestNG.main(RemoteTestNG.java:77)
]]>
            </full-stacktrace>
          </exception> <!-- java.lang.NullPointerException -->
          <reporter-output>
          </reporter-output>
        </test-method> <!-- dynamic_Control -->
        <test-method status="PASS" signature="tearDown(org.testng.ITestResult)[pri:0, instance:gmail.pitias4work.com.DynamicControls@3aeaafa6]" name="tearDown" is-config="true" duration-ms="5684" started-at="2020-09-19T01:17:32 EDT" finished-at="2020-09-19T01:17:38 EDT">
          <params>
            <param index="0">
              <value>
                <![CDATA[[TestResult name=dynamic_Control status=FAILURE method=DynamicControls.dynamic_Control()[pri:0, instance:gmail.pitias4work.com.DynamicControls@3aeaafa6] output={null}]]]>
              </value>
            </param>
          </params>
          <reporter-output>
          </reporter-output>
        </test-method> <!-- tearDown -->
        <test-method status="PASS" signature="afterAllTests()[pri:0, instance:gmail.pitias4work.com.DynamicControls@3aeaafa6]" name="afterAllTests" is-config="true" duration-ms="172" started-at="2020-09-19T01:17:38 EDT" finished-at="2020-09-19T01:17:38 EDT">
          <reporter-output>
          </reporter-output>
        </test-method> <!-- afterAllTests -->
      </class> <!-- gmail.pitias4work.com.DynamicControls -->
    </test> <!-- Default test -->
  </suite> <!-- Default suite -->
</testng-results>
