<?xml version="1.0" encoding="UTF-8"?>
<testng-results skipped="0" failed="1" ignored="0" total="18" passed="17">
  <reporter-output>
  </reporter-output>
  <suite name="Default suite" duration-ms="230969" started-at="2020-09-20T02:28:36 EDT" finished-at="2020-09-20T02:32:26 EDT">
    <groups>
    </groups>
    <test name="Default test" duration-ms="230969" started-at="2020-09-20T02:28:36 EDT" finished-at="2020-09-20T02:32:26 EDT">
      <class name="take.homw.script.Script">
        <test-method status="PASS" signature="startup()[pri:0, instance:take.homw.script.Script@4d3167f4]" name="startup" is-config="true" duration-ms="60" started-at="2020-09-20T02:28:36 EDT" finished-at="2020-09-20T02:28:36 EDT">
          <reporter-output>
          </reporter-output>
        </test-method> <!-- startup -->
        <test-method status="PASS" signature="setup()[pri:0, instance:take.homw.script.Script@4d3167f4]" name="setup" is-config="true" duration-ms="1374" started-at="2020-09-20T02:28:36 EDT" finished-at="2020-09-20T02:28:37 EDT">
          <reporter-output>
          </reporter-output>
        </test-method> <!-- setup -->
        <test-method status="PASS" signature="login_Success()[pri:1, instance:take.homw.script.Script@4d3167f4]" name="login_Success" duration-ms="2583" started-at="2020-09-20T02:28:37 EDT" finished-at="2020-09-20T02:28:40 EDT">
          <reporter-output>
          </reporter-output>
        </test-method> <!-- login_Success -->
        <test-method status="PASS" signature="tearDown(org.testng.ITestResult)[pri:0, instance:take.homw.script.Script@4d3167f4]" name="tearDown" is-config="true" duration-ms="5134" started-at="2020-09-20T02:28:40 EDT" finished-at="2020-09-20T02:28:45 EDT">
          <params>
            <param index="0">
              <value>
                <![CDATA[[TestResult name=login_Success status=SUCCESS method=Script.login_Success()[pri:1, instance:take.homw.script.Script@4d3167f4] output={null}]]]>
              </value>
            </param>
          </params>
          <reporter-output>
          </reporter-output>
        </test-method> <!-- tearDown -->
        <test-method status="PASS" signature="setup()[pri:0, instance:take.homw.script.Script@4d3167f4]" name="setup" is-config="true" duration-ms="969" started-at="2020-09-20T02:28:45 EDT" finished-at="2020-09-20T02:28:46 EDT">
          <reporter-output>
          </reporter-output>
        </test-method> <!-- setup -->
        <test-method status="PASS" signature="login_fail()[pri:2, instance:take.homw.script.Script@4d3167f4]" name="login_fail" duration-ms="1519" started-at="2020-09-20T02:28:46 EDT" finished-at="2020-09-20T02:28:47 EDT">
          <reporter-output>
          </reporter-output>
        </test-method> <!-- login_fail -->
        <test-method status="PASS" signature="tearDown(org.testng.ITestResult)[pri:0, instance:take.homw.script.Script@4d3167f4]" name="tearDown" is-config="true" duration-ms="5129" started-at="2020-09-20T02:28:47 EDT" finished-at="2020-09-20T02:28:52 EDT">
          <params>
            <param index="0">
              <value>
                <![CDATA[[TestResult name=login_fail status=SUCCESS method=Script.login_fail()[pri:2, instance:take.homw.script.Script@4d3167f4] output={null}]]]>
              </value>
            </param>
          </params>
          <reporter-output>
          </reporter-output>
        </test-method> <!-- tearDown -->
        <test-method status="PASS" signature="setup()[pri:0, instance:take.homw.script.Script@4d3167f4]" name="setup" is-config="true" duration-ms="907" started-at="2020-09-20T02:28:52 EDT" finished-at="2020-09-20T02:28:53 EDT">
          <reporter-output>
          </reporter-output>
        </test-method> <!-- setup -->
        <test-method status="PASS" signature="checkbox()[pri:3, instance:take.homw.script.Script@4d3167f4]" name="checkbox" duration-ms="1278" started-at="2020-09-20T02:28:53 EDT" finished-at="2020-09-20T02:28:54 EDT">
          <reporter-output>
          </reporter-output>
        </test-method> <!-- checkbox -->
        <test-method status="PASS" signature="tearDown(org.testng.ITestResult)[pri:0, instance:take.homw.script.Script@4d3167f4]" name="tearDown" is-config="true" duration-ms="5124" started-at="2020-09-20T02:28:54 EDT" finished-at="2020-09-20T02:29:00 EDT">
          <params>
            <param index="0">
              <value>
                <![CDATA[[TestResult name=checkbox status=SUCCESS method=Script.checkbox()[pri:3, instance:take.homw.script.Script@4d3167f4] output={null}]]]>
              </value>
            </param>
          </params>
          <reporter-output>
          </reporter-output>
        </test-method> <!-- tearDown -->
        <test-method status="PASS" signature="setup()[pri:0, instance:take.homw.script.Script@4d3167f4]" name="setup" is-config="true" duration-ms="888" started-at="2020-09-20T02:29:00 EDT" finished-at="2020-09-20T02:29:01 EDT">
          <reporter-output>
          </reporter-output>
        </test-method> <!-- setup -->
        <test-method status="PASS" signature="context_menu()[pri:4, instance:take.homw.script.Script@4d3167f4]" name="context_menu" duration-ms="2369" started-at="2020-09-20T02:29:01 EDT" finished-at="2020-09-20T02:29:03 EDT">
          <reporter-output>
          </reporter-output>
        </test-method> <!-- context_menu -->
        <test-method status="PASS" signature="tearDown(org.testng.ITestResult)[pri:0, instance:take.homw.script.Script@4d3167f4]" name="tearDown" is-config="true" duration-ms="5126" started-at="2020-09-20T02:29:03 EDT" finished-at="2020-09-20T02:29:08 EDT">
          <params>
            <param index="0">
              <value>
                <![CDATA[[TestResult name=context_menu status=SUCCESS method=Script.context_menu()[pri:4, instance:take.homw.script.Script@4d3167f4] output={null}]]]>
              </value>
            </param>
          </params>
          <reporter-output>
          </reporter-output>
        </test-method> <!-- tearDown -->
        <test-method status="PASS" signature="setup()[pri:0, instance:take.homw.script.Script@4d3167f4]" name="setup" is-config="true" duration-ms="936" started-at="2020-09-20T02:29:08 EDT" finished-at="2020-09-20T02:29:09 EDT">
          <reporter-output>
          </reporter-output>
        </test-method> <!-- setup -->
        <test-method status="PASS" signature="dragandDrop()[pri:5, instance:take.homw.script.Script@4d3167f4]" name="dragandDrop" duration-ms="5587" started-at="2020-09-20T02:29:09 EDT" finished-at="2020-09-20T02:29:15 EDT">
          <reporter-output>
          </reporter-output>
        </test-method> <!-- dragandDrop -->
        <test-method status="PASS" signature="tearDown(org.testng.ITestResult)[pri:0, instance:take.homw.script.Script@4d3167f4]" name="tearDown" is-config="true" duration-ms="5133" started-at="2020-09-20T02:29:15 EDT" finished-at="2020-09-20T02:29:20 EDT">
          <params>
            <param index="0">
              <value>
                <![CDATA[[TestResult name=dragandDrop status=SUCCESS method=Script.dragandDrop()[pri:5, instance:take.homw.script.Script@4d3167f4] output={null}]]]>
              </value>
            </param>
          </params>
          <reporter-output>
          </reporter-output>
        </test-method> <!-- tearDown -->
        <test-method status="PASS" signature="setup()[pri:0, instance:take.homw.script.Script@4d3167f4]" name="setup" is-config="true" duration-ms="921" started-at="2020-09-20T02:29:20 EDT" finished-at="2020-09-20T02:29:21 EDT">
          <reporter-output>
          </reporter-output>
        </test-method> <!-- setup -->
        <test-method status="PASS" signature="dropDown()[pri:6, instance:take.homw.script.Script@4d3167f4]" name="dropDown" duration-ms="3359" started-at="2020-09-20T02:29:21 EDT" finished-at="2020-09-20T02:29:24 EDT">
          <reporter-output>
          </reporter-output>
        </test-method> <!-- dropDown -->
        <test-method status="PASS" signature="tearDown(org.testng.ITestResult)[pri:0, instance:take.homw.script.Script@4d3167f4]" name="tearDown" is-config="true" duration-ms="5126" started-at="2020-09-20T02:29:24 EDT" finished-at="2020-09-20T02:29:29 EDT">
          <params>
            <param index="0">
              <value>
                <![CDATA[[TestResult name=dropDown status=SUCCESS method=Script.dropDown()[pri:6, instance:take.homw.script.Script@4d3167f4] output={null}]]]>
              </value>
            </param>
          </params>
          <reporter-output>
          </reporter-output>
        </test-method> <!-- tearDown -->
        <test-method status="PASS" signature="setup()[pri:0, instance:take.homw.script.Script@4d3167f4]" name="setup" is-config="true" duration-ms="903" started-at="2020-09-20T02:29:29 EDT" finished-at="2020-09-20T02:29:30 EDT">
          <reporter-output>
          </reporter-output>
        </test-method> <!-- setup -->
        <test-method status="FAIL" signature="dynamic_Content()[pri:7, instance:take.homw.script.Script@4d3167f4]" name="dynamic_Content" duration-ms="17804" started-at="2020-09-20T02:29:30 EDT" finished-at="2020-09-20T02:29:48 EDT">
          <exception class="java.lang.AssertionError">
            <message>
              <![CDATA[expected [true] but found [false]]]>
            </message>
            <full-stacktrace>
              <![CDATA[java.lang.AssertionError: expected [true] but found [false]
at org.testng.Assert.fail(Assert.java:97)
at org.testng.Assert.failNotEquals(Assert.java:969)
at org.testng.Assert.assertTrue(Assert.java:43)
at org.testng.Assert.assertTrue(Assert.java:53)
at gmail.pitias4work.com.DynamicContent.dynamic_Content(DynamicContent.java:37)
at take.homw.script.Script.dynamic_Content(Script.java:68)
at sun.reflect.NativeMethodAccessorImpl.invoke0(Native Method)
at sun.reflect.NativeMethodAccessorImpl.invoke(NativeMethodAccessorImpl.java:62)
at sun.reflect.DelegatingMethodAccessorImpl.invoke(DelegatingMethodAccessorImpl.java:43)
at java.lang.reflect.Method.invoke(Method.java:498)
at org.testng.internal.MethodInvocationHelper.invokeMethod(MethodInvocationHelper.java:134)
at org.testng.internal.TestInvoker.invokeMethod(TestInvoker.java:597)
at org.testng.internal.TestInvoker.invokeTestMethod(TestInvoker.java:173)
at org.testng.internal.MethodRunner.runInSequence(MethodRunner.java:46)
at org.testng.internal.TestInvoker$MethodInvocationAgent.invoke(TestInvoker.java:816)
at org.testng.internal.TestInvoker.invokeTestMethods(TestInvoker.java:146)
at org.testng.internal.TestMethodWorker.invokeTestMethods(TestMethodWorker.java:146)
at org.testng.internal.TestMethodWorker.run(TestMethodWorker.java:128)
at java.util.ArrayList.forEach(ArrayList.java:1257)
at org.testng.TestRunner.privateRun(TestRunner.java:766)
at org.testng.TestRunner.run(TestRunner.java:587)
at org.testng.SuiteRunner.runTest(SuiteRunner.java:384)
at org.testng.SuiteRunner.runSequentially(SuiteRunner.java:378)
at org.testng.SuiteRunner.privateRun(SuiteRunner.java:337)
at org.testng.SuiteRunner.run(SuiteRunner.java:286)
at org.testng.SuiteRunnerWorker.runSuite(SuiteRunnerWorker.java:53)
at org.testng.SuiteRunnerWorker.run(SuiteRunnerWorker.java:96)
at org.testng.TestNG.runSuitesSequentially(TestNG.java:1187)
at org.testng.TestNG.runSuitesLocally(TestNG.java:1109)
at org.testng.TestNG.runSuites(TestNG.java:1039)
at org.testng.TestNG.run(TestNG.java:1007)
at org.testng.remote.AbstractRemoteTestNG.run(AbstractRemoteTestNG.java:115)
at org.testng.remote.RemoteTestNG.initAndRun(RemoteTestNG.java:251)
at org.testng.remote.RemoteTestNG.main(RemoteTestNG.java:77)
]]>
            </full-stacktrace>
          </exception> <!-- java.lang.AssertionError -->
          <reporter-output>
          </reporter-output>
        </test-method> <!-- dynamic_Content -->
        <test-method status="PASS" signature="tearDown(org.testng.ITestResult)[pri:0, instance:take.homw.script.Script@4d3167f4]" name="tearDown" is-config="true" duration-ms="5712" started-at="2020-09-20T02:29:48 EDT" finished-at="2020-09-20T02:29:53 EDT">
          <params>
            <param index="0">
              <value>
                <![CDATA[[TestResult name=dynamic_Content status=FAILURE method=Script.dynamic_Content()[pri:7, instance:take.homw.script.Script@4d3167f4] output={null}]]]>
              </value>
            </param>
          </params>
          <reporter-output>
          </reporter-output>
        </test-method> <!-- tearDown -->
        <test-method status="PASS" signature="setup()[pri:0, instance:take.homw.script.Script@4d3167f4]" name="setup" is-config="true" duration-ms="926" started-at="2020-09-20T02:29:53 EDT" finished-at="2020-09-20T02:29:54 EDT">
          <reporter-output>
          </reporter-output>
        </test-method> <!-- setup -->
        <test-method status="PASS" signature="dynamic_Control()[pri:8, instance:take.homw.script.Script@4d3167f4]" name="dynamic_Control" duration-ms="20640" started-at="2020-09-20T02:29:54 EDT" finished-at="2020-09-20T02:30:15 EDT">
          <reporter-output>
          </reporter-output>
        </test-method> <!-- dynamic_Control -->
        <test-method status="PASS" signature="tearDown(org.testng.ITestResult)[pri:0, instance:take.homw.script.Script@4d3167f4]" name="tearDown" is-config="true" duration-ms="5131" started-at="2020-09-20T02:30:15 EDT" finished-at="2020-09-20T02:30:20 EDT">
          <params>
            <param index="0">
              <value>
                <![CDATA[[TestResult name=dynamic_Control status=SUCCESS method=Script.dynamic_Control()[pri:8, instance:take.homw.script.Script@4d3167f4] output={null}]]]>
              </value>
            </param>
          </params>
          <reporter-output>
          </reporter-output>
        </test-method> <!-- tearDown -->
        <test-method status="PASS" signature="setup()[pri:0, instance:take.homw.script.Script@4d3167f4]" name="setup" is-config="true" duration-ms="856" started-at="2020-09-20T02:30:20 EDT" finished-at="2020-09-20T02:30:21 EDT">
          <reporter-output>
          </reporter-output>
        </test-method> <!-- setup -->
        <test-method status="PASS" signature="dynamic_Loading()[pri:9, instance:take.homw.script.Script@4d3167f4]" name="dynamic_Loading" duration-ms="10277" started-at="2020-09-20T02:30:21 EDT" finished-at="2020-09-20T02:30:31 EDT">
          <reporter-output>
          </reporter-output>
        </test-method> <!-- dynamic_Loading -->
        <test-method status="PASS" signature="tearDown(org.testng.ITestResult)[pri:0, instance:take.homw.script.Script@4d3167f4]" name="tearDown" is-config="true" duration-ms="5089" started-at="2020-09-20T02:30:31 EDT" finished-at="2020-09-20T02:30:36 EDT">
          <params>
            <param index="0">
              <value>
                <![CDATA[[TestResult name=dynamic_Loading status=SUCCESS method=Script.dynamic_Loading()[pri:9, instance:take.homw.script.Script@4d3167f4] output={null}]]]>
              </value>
            </param>
          </params>
          <reporter-output>
          </reporter-output>
        </test-method> <!-- tearDown -->
        <test-method status="PASS" signature="setup()[pri:0, instance:take.homw.script.Script@4d3167f4]" name="setup" is-config="true" duration-ms="810" started-at="2020-09-20T02:30:36 EDT" finished-at="2020-09-20T02:30:37 EDT">
          <reporter-output>
          </reporter-output>
        </test-method> <!-- setup -->
        <test-method status="PASS" signature="fileDownload()[pri:10, instance:take.homw.script.Script@4d3167f4]" name="fileDownload" duration-ms="8239" started-at="2020-09-20T02:30:37 EDT" finished-at="2020-09-20T02:30:45 EDT">
          <reporter-output>
          </reporter-output>
        </test-method> <!-- fileDownload -->
        <test-method status="PASS" signature="tearDown(org.testng.ITestResult)[pri:0, instance:take.homw.script.Script@4d3167f4]" name="tearDown" is-config="true" duration-ms="5079" started-at="2020-09-20T02:30:45 EDT" finished-at="2020-09-20T02:30:51 EDT">
          <params>
            <param index="0">
              <value>
                <![CDATA[[TestResult name=fileDownload status=SUCCESS method=Script.fileDownload()[pri:10, instance:take.homw.script.Script@4d3167f4] output={null}]]]>
              </value>
            </param>
          </params>
          <reporter-output>
          </reporter-output>
        </test-method> <!-- tearDown -->
        <test-method status="PASS" signature="setup()[pri:0, instance:take.homw.script.Script@4d3167f4]" name="setup" is-config="true" duration-ms="879" started-at="2020-09-20T02:30:51 EDT" finished-at="2020-09-20T02:30:51 EDT">
          <reporter-output>
          </reporter-output>
        </test-method> <!-- setup -->
        <test-method status="PASS" signature="fileUpload()[pri:11, instance:take.homw.script.Script@4d3167f4]" name="fileUpload" duration-ms="6402" started-at="2020-09-20T02:30:51 EDT" finished-at="2020-09-20T02:30:58 EDT">
          <reporter-output>
          </reporter-output>
        </test-method> <!-- fileUpload -->
        <test-method status="PASS" signature="tearDown(org.testng.ITestResult)[pri:0, instance:take.homw.script.Script@4d3167f4]" name="tearDown" is-config="true" duration-ms="5074" started-at="2020-09-20T02:30:58 EDT" finished-at="2020-09-20T02:31:03 EDT">
          <params>
            <param index="0">
              <value>
                <![CDATA[[TestResult name=fileUpload status=SUCCESS method=Script.fileUpload()[pri:11, instance:take.homw.script.Script@4d3167f4] output={null}]]]>
              </value>
            </param>
          </params>
          <reporter-output>
          </reporter-output>
        </test-method> <!-- tearDown -->
        <test-method status="PASS" signature="setup()[pri:0, instance:take.homw.script.Script@4d3167f4]" name="setup" is-config="true" duration-ms="887" started-at="2020-09-20T02:31:03 EDT" finished-at="2020-09-20T02:31:04 EDT">
          <reporter-output>
          </reporter-output>
        </test-method> <!-- setup -->
        <test-method status="PASS" signature="floating_Menu()[pri:12, instance:take.homw.script.Script@4d3167f4]" name="floating_Menu" duration-ms="2236" started-at="2020-09-20T02:31:04 EDT" finished-at="2020-09-20T02:31:06 EDT">
          <reporter-output>
          </reporter-output>
        </test-method> <!-- floating_Menu -->
        <test-method status="PASS" signature="tearDown(org.testng.ITestResult)[pri:0, instance:take.homw.script.Script@4d3167f4]" name="tearDown" is-config="true" duration-ms="5077" started-at="2020-09-20T02:31:06 EDT" finished-at="2020-09-20T02:31:11 EDT">
          <params>
            <param index="0">
              <value>
                <![CDATA[[TestResult name=floating_Menu status=SUCCESS method=Script.floating_Menu()[pri:12, instance:take.homw.script.Script@4d3167f4] output={null}]]]>
              </value>
            </param>
          </params>
          <reporter-output>
          </reporter-output>
        </test-method> <!-- tearDown -->
        <test-method status="PASS" signature="setup()[pri:0, instance:take.homw.script.Script@4d3167f4]" name="setup" is-config="true" duration-ms="915" started-at="2020-09-20T02:31:11 EDT" finished-at="2020-09-20T02:31:12 EDT">
          <reporter-output>
          </reporter-output>
        </test-method> <!-- setup -->
        <test-method status="PASS" signature="iframe()[pri:13, instance:take.homw.script.Script@4d3167f4]" name="iframe" duration-ms="2478" started-at="2020-09-20T02:31:12 EDT" finished-at="2020-09-20T02:31:14 EDT">
          <reporter-output>
          </reporter-output>
        </test-method> <!-- iframe -->
        <test-method status="PASS" signature="tearDown(org.testng.ITestResult)[pri:0, instance:take.homw.script.Script@4d3167f4]" name="tearDown" is-config="true" duration-ms="5124" started-at="2020-09-20T02:31:15 EDT" finished-at="2020-09-20T02:31:20 EDT">
          <params>
            <param index="0">
              <value>
                <![CDATA[[TestResult name=iframe status=SUCCESS method=Script.iframe()[pri:13, instance:take.homw.script.Script@4d3167f4] output={null}]]]>
              </value>
            </param>
          </params>
          <reporter-output>
          </reporter-output>
        </test-method> <!-- tearDown -->
        <test-method status="PASS" signature="setup()[pri:0, instance:take.homw.script.Script@4d3167f4]" name="setup" is-config="true" duration-ms="899" started-at="2020-09-20T02:31:20 EDT" finished-at="2020-09-20T02:31:21 EDT">
          <reporter-output>
          </reporter-output>
        </test-method> <!-- setup -->
        <test-method status="PASS" signature="mouse_Hover()[pri:14, instance:take.homw.script.Script@4d3167f4]" name="mouse_Hover" duration-ms="9686" started-at="2020-09-20T02:31:21 EDT" finished-at="2020-09-20T02:31:30 EDT">
          <reporter-output>
          </reporter-output>
        </test-method> <!-- mouse_Hover -->
        <test-method status="PASS" signature="tearDown(org.testng.ITestResult)[pri:0, instance:take.homw.script.Script@4d3167f4]" name="tearDown" is-config="true" duration-ms="5126" started-at="2020-09-20T02:31:30 EDT" finished-at="2020-09-20T02:31:35 EDT">
          <params>
            <param index="0">
              <value>
                <![CDATA[[TestResult name=mouse_Hover status=SUCCESS method=Script.mouse_Hover()[pri:14, instance:take.homw.script.Script@4d3167f4] output={null}]]]>
              </value>
            </param>
          </params>
          <reporter-output>
          </reporter-output>
        </test-method> <!-- tearDown -->
        <test-method status="PASS" signature="setup()[pri:0, instance:take.homw.script.Script@4d3167f4]" name="setup" is-config="true" duration-ms="883" started-at="2020-09-20T02:31:35 EDT" finished-at="2020-09-20T02:31:36 EDT">
          <reporter-output>
          </reporter-output>
        </test-method> <!-- setup -->
        <test-method status="PASS" signature="javaScriptAlerts()[pri:15, instance:take.homw.script.Script@4d3167f4]" name="javaScriptAlerts" duration-ms="8611" started-at="2020-09-20T02:31:36 EDT" finished-at="2020-09-20T02:31:45 EDT">
          <reporter-output>
          </reporter-output>
        </test-method> <!-- javaScriptAlerts -->
        <test-method status="PASS" signature="tearDown(org.testng.ITestResult)[pri:0, instance:take.homw.script.Script@4d3167f4]" name="tearDown" is-config="true" duration-ms="5123" started-at="2020-09-20T02:31:45 EDT" finished-at="2020-09-20T02:31:50 EDT">
          <params>
            <param index="0">
              <value>
                <![CDATA[[TestResult name=javaScriptAlerts status=SUCCESS method=Script.javaScriptAlerts()[pri:15, instance:take.homw.script.Script@4d3167f4] output={null}]]]>
              </value>
            </param>
          </params>
          <reporter-output>
          </reporter-output>
        </test-method> <!-- tearDown -->
        <test-method status="PASS" signature="setup()[pri:0, instance:take.homw.script.Script@4d3167f4]" name="setup" is-config="true" duration-ms="896" started-at="2020-09-20T02:31:50 EDT" finished-at="2020-09-20T02:31:51 EDT">
          <reporter-output>
          </reporter-output>
        </test-method> <!-- setup -->
        <test-method status="PASS" signature="JavaScriptError()[pri:16, instance:take.homw.script.Script@4d3167f4]" name="JavaScriptError" duration-ms="105" started-at="2020-09-20T02:31:51 EDT" finished-at="2020-09-20T02:31:51 EDT">
          <reporter-output>
          </reporter-output>
        </test-method> <!-- JavaScriptError -->
        <test-method status="PASS" signature="tearDown(org.testng.ITestResult)[pri:0, instance:take.homw.script.Script@4d3167f4]" name="tearDown" is-config="true" duration-ms="5126" started-at="2020-09-20T02:31:51 EDT" finished-at="2020-09-20T02:31:56 EDT">
          <params>
            <param index="0">
              <value>
                <![CDATA[[TestResult name=JavaScriptError status=SUCCESS method=Script.JavaScriptError()[pri:16, instance:take.homw.script.Script@4d3167f4] output={null}]]]>
              </value>
            </param>
          </params>
          <reporter-output>
          </reporter-output>
        </test-method> <!-- tearDown -->
        <test-method status="PASS" signature="setup()[pri:0, instance:take.homw.script.Script@4d3167f4]" name="setup" is-config="true" duration-ms="922" started-at="2020-09-20T02:31:56 EDT" finished-at="2020-09-20T02:31:57 EDT">
          <reporter-output>
          </reporter-output>
        </test-method> <!-- setup -->
        <test-method status="PASS" signature="openNewTab()[pri:17, instance:take.homw.script.Script@4d3167f4]" name="openNewTab" duration-ms="3467" started-at="2020-09-20T02:31:57 EDT" finished-at="2020-09-20T02:32:00 EDT">
          <reporter-output>
          </reporter-output>
        </test-method> <!-- openNewTab -->
        <test-method status="PASS" signature="tearDown(org.testng.ITestResult)[pri:0, instance:take.homw.script.Script@4d3167f4]" name="tearDown" is-config="true" duration-ms="5075" started-at="2020-09-20T02:32:00 EDT" finished-at="2020-09-20T02:32:06 EDT">
          <params>
            <param index="0">
              <value>
                <![CDATA[[TestResult name=openNewTab status=SUCCESS method=Script.openNewTab()[pri:17, instance:take.homw.script.Script@4d3167f4] output={null}]]]>
              </value>
            </param>
          </params>
          <reporter-output>
          </reporter-output>
        </test-method> <!-- tearDown -->
        <test-method status="PASS" signature="setup()[pri:0, instance:take.homw.script.Script@4d3167f4]" name="setup" is-config="true" duration-ms="877" started-at="2020-09-20T02:32:06 EDT" finished-at="2020-09-20T02:32:06 EDT">
          <reporter-output>
          </reporter-output>
        </test-method> <!-- setup -->
        <test-method status="PASS" signature="notification_Msg()[pri:18, instance:take.homw.script.Script@4d3167f4]" name="notification_Msg" duration-ms="14748" started-at="2020-09-20T02:32:06 EDT" finished-at="2020-09-20T02:32:21 EDT">
          <reporter-output>
          </reporter-output>
        </test-method> <!-- notification_Msg -->
        <test-method status="PASS" signature="tearDown(org.testng.ITestResult)[pri:0, instance:take.homw.script.Script@4d3167f4]" name="tearDown" is-config="true" duration-ms="5114" started-at="2020-09-20T02:32:21 EDT" finished-at="2020-09-20T02:32:26 EDT">
          <params>
            <param index="0">
              <value>
                <![CDATA[[TestResult name=notification_Msg status=SUCCESS method=Script.notification_Msg()[pri:18, instance:take.homw.script.Script@4d3167f4] output={null}]]]>
              </value>
            </param>
          </params>
          <reporter-output>
          </reporter-output>
        </test-method> <!-- tearDown -->
        <test-method status="PASS" signature="afterAllTests()[pri:0, instance:take.homw.script.Script@4d3167f4]" name="afterAllTests" is-config="true" duration-ms="195" started-at="2020-09-20T02:32:26 EDT" finished-at="2020-09-20T02:32:26 EDT">
          <reporter-output>
          </reporter-output>
        </test-method> <!-- afterAllTests -->
      </class> <!-- take.homw.script.Script -->
    </test> <!-- Default test -->
  </suite> <!-- Default suite -->
</testng-results>
