<?xml version="1.0" encoding="UTF-8"?>
<testng-results skipped="0" failed="0" ignored="0" total="1" passed="1">
  <reporter-output>
  </reporter-output>
  <suite name="Default suite" duration-ms="10271" started-at="2020-09-22T11:23:03 EDT" finished-at="2020-09-22T11:23:14 EDT">
    <groups>
    </groups>
    <test name="Default test" duration-ms="10271" started-at="2020-09-22T11:23:03 EDT" finished-at="2020-09-22T11:23:14 EDT">
      <class name="gmail.pitias4work.com.OpenNewTab">
        <test-method status="PASS" signature="startup()[pri:0, instance:gmail.pitias4work.com.OpenNewTab@3aeaafa6]" name="startup" is-config="true" duration-ms="72" started-at="2020-09-22T11:23:03 EDT" finished-at="2020-09-22T11:23:03 EDT">
          <reporter-output>
          </reporter-output>
        </test-method> <!-- startup -->
        <test-method status="PASS" signature="setup()[pri:0, instance:gmail.pitias4work.com.OpenNewTab@3aeaafa6]" name="setup" is-config="true" duration-ms="1389" started-at="2020-09-22T11:23:03 EDT" finished-at="2020-09-22T11:23:05 EDT">
          <reporter-output>
          </reporter-output>
        </test-method> <!-- setup -->
        <test-method status="PASS" signature="newTab()[pri:0, instance:gmail.pitias4work.com.OpenNewTab@3aeaafa6]" name="newTab" duration-ms="3435" started-at="2020-09-22T11:23:05 EDT" finished-at="2020-09-22T11:23:08 EDT">
          <reporter-output>
          </reporter-output>
        </test-method> <!-- newTab -->
        <test-method status="PASS" signature="tearDown(org.testng.ITestResult)[pri:0, instance:gmail.pitias4work.com.OpenNewTab@3aeaafa6]" name="tearDown" is-config="true" duration-ms="5073" started-at="2020-09-22T11:23:08 EDT" finished-at="2020-09-22T11:23:13 EDT">
          <params>
            <param index="0">
              <value>
                <![CDATA[[TestResult name=newTab status=SUCCESS method=OpenNewTab.newTab()[pri:0, instance:gmail.pitias4work.com.OpenNewTab@3aeaafa6] output={null}]]]>
              </value>
            </param>
          </params>
          <reporter-output>
          </reporter-output>
        </test-method> <!-- tearDown -->
        <test-method status="PASS" signature="afterAllTests()[pri:0, instance:gmail.pitias4work.com.OpenNewTab@3aeaafa6]" name="afterAllTests" is-config="true" duration-ms="275" started-at="2020-09-22T11:23:13 EDT" finished-at="2020-09-22T11:23:14 EDT">
          <reporter-output>
          </reporter-output>
        </test-method> <!-- afterAllTests -->
      </class> <!-- gmail.pitias4work.com.OpenNewTab -->
    </test> <!-- Default test -->
  </suite> <!-- Default suite -->
</testng-results>
