<?xml version="1.0" encoding="UTF-8"?>
<testng-results skipped="0" failed="0" ignored="0" total="1" passed="1">
  <reporter-output>
  </reporter-output>
  <suite name="Default suite" duration-ms="22355" started-at="2020-09-19T02:41:06 EDT" finished-at="2020-09-19T02:41:28 EDT">
    <groups>
    </groups>
    <test name="Default test" duration-ms="22355" started-at="2020-09-19T02:41:06 EDT" finished-at="2020-09-19T02:41:28 EDT">
      <class name="gmail.pitias4work.com.DragandDrop">
        <test-method status="PASS" signature="startup()[pri:0, instance:gmail.pitias4work.com.DragandDrop@3aeaafa6]" name="startup" is-config="true" duration-ms="74" started-at="2020-09-19T02:41:06 EDT" finished-at="2020-09-19T02:41:06 EDT">
          <reporter-output>
          </reporter-output>
        </test-method> <!-- startup -->
        <test-method status="PASS" signature="setup()[pri:0, instance:gmail.pitias4work.com.DragandDrop@3aeaafa6]" name="setup" is-config="true" duration-ms="1374" started-at="2020-09-19T02:41:06 EDT" finished-at="2020-09-19T02:41:07 EDT">
          <reporter-output>
          </reporter-output>
        </test-method> <!-- setup -->
        <test-method status="PASS" signature="dragandDrop()[pri:0, instance:gmail.pitias4work.com.DragandDrop@3aeaafa6]" name="dragandDrop" duration-ms="15585" started-at="2020-09-19T02:41:07 EDT" finished-at="2020-09-19T02:41:23 EDT">
          <reporter-output>
          </reporter-output>
        </test-method> <!-- dragandDrop -->
        <test-method status="PASS" signature="tearDown(org.testng.ITestResult)[pri:0, instance:gmail.pitias4work.com.DragandDrop@3aeaafa6]" name="tearDown" is-config="true" duration-ms="5125" started-at="2020-09-19T02:41:23 EDT" finished-at="2020-09-19T02:41:28 EDT">
          <params>
            <param index="0">
              <value>
                <![CDATA[[TestResult name=dragandDrop status=SUCCESS method=DragandDrop.dragandDrop()[pri:0, instance:gmail.pitias4work.com.DragandDrop@3aeaafa6] output={null}]]]>
              </value>
            </param>
          </params>
          <reporter-output>
          </reporter-output>
        </test-method> <!-- tearDown -->
        <test-method status="PASS" signature="afterAllTests()[pri:0, instance:gmail.pitias4work.com.DragandDrop@3aeaafa6]" name="afterAllTests" is-config="true" duration-ms="177" started-at="2020-09-19T02:41:28 EDT" finished-at="2020-09-19T02:41:28 EDT">
          <reporter-output>
          </reporter-output>
        </test-method> <!-- afterAllTests -->
      </class> <!-- gmail.pitias4work.com.DragandDrop -->
    </test> <!-- Default test -->
  </suite> <!-- Default suite -->
</testng-results>
