<?xml version="1.0" encoding="UTF-8"?>
<testng-results ignored="0" total="1" passed="1" failed="0" skipped="0">
  <reporter-output>
  </reporter-output>
  <suite started-at="2023-01-13T10:21:41 CST" name="Default suite" finished-at="2023-01-13T10:21:43 CST" duration-ms="2452">
    <groups>
    </groups>
    <test started-at="2023-01-13T10:21:41 CST" name="Default test" finished-at="2023-01-13T10:21:43 CST" duration-ms="2452">
      <class name="filedownload.FileDownLoad">
        <test-method is-config="true" signature="launchBrowser()[pri:0, instance:filedownload.FileDownLoad@7ce3cb8e]" started-at="2023-01-13T10:21:41 CST" name="launchBrowser" finished-at="2023-01-13T10:21:43 CST" duration-ms="2290" status="PASS">
          <reporter-output>
          </reporter-output>
        </test-method> <!-- launchBrowser -->
        <test-method signature="fileUpload()[pri:0, instance:filedownload.FileDownLoad@7ce3cb8e]" started-at="2023-01-13T10:21:43 CST" name="fileUpload" finished-at="2023-01-13T10:21:43 CST" duration-ms="136" status="PASS">
          <reporter-output>
          </reporter-output>
        </test-method> <!-- fileUpload -->
      </class> <!-- filedownload.FileDownLoad -->
    </test> <!-- Default test -->
  </suite> <!-- Default suite -->
</testng-results>
